<?xml version="1.0" encoding="UTF-8"?>
<robot generator="Robot 6.1.1 (Python 3.10.12 on win32)" generated="20240206 21:41:27.898" rpa="true" schemaversion="4">
<suite id="s1" name="Tasks" source="C:\Users\VULTRON\Documents\Robocorp Portfolio\Automation Certfication Level II - Robot Framework\tasks.robot">
<test id="s1-t1" name="Order robots from RobotSpareBin Industries Inc" line="22">
<kw name="Open the robot order website">
<kw name="Open Available Browser" library="RPA.Browser.Selenium">
<arg>https://robotsparebinindustries.com/#/robot-order</arg>
<doc>Attempts to open a browser on the user's device from a set of
supported browsers. Automatically downloads a corresponding webdriver
if none is already installed.</doc>
<msg timestamp="20240206 21:41:30.627" level="INFO">Downloaded webdriver to: C:\Users\VULTRON\AppData\Local\robocorp\webdrivers\.wdm\drivers\chromedriver\win64\121.0.6167.85\chromedriver-win32/chromedriver.exe</msg>
<msg timestamp="20240206 21:41:30.638" level="INFO">Webdriver version taken into use: ChromeDriver 121.0.6167.85 (3f98d690ad7e59242ef110144c757b2ac4eef1a2-refs/branch-heads/6167@{#1539})
</msg>
<msg timestamp="20240206 21:41:30.639" level="INFO">Creating an instance of the Chrome WebDriver.</msg>
<msg timestamp="20240206 21:41:31.584" level="INFO">Created Chrome browser (version 121.0.6167) with arguments: --disable-dev-shm-usage --disable-web-security --allow-running-insecure-content --no-sandbox</msg>
<msg timestamp="20240206 21:41:31.584" level="INFO" html="true">&lt;p&gt;Attempted combinations:&lt;/p&gt;&lt;div class="doc"&gt;&lt;table&gt;&lt;tr&gt;&lt;th&gt;Browser&lt;/th&gt;&lt;th&gt;Download&lt;/th&gt;&lt;th&gt;Error&lt;/th&gt;&lt;/tr&gt;&lt;tr&gt;&lt;td&gt;Chrome&lt;/td&gt;&lt;td&gt;False&lt;/td&gt;&lt;td&gt;Message: Webdriver executable 'chromedriver' is not in PATH (with disabled Selenium Manager)
&lt;/td&gt;&lt;/tr&gt;&lt;tr&gt;&lt;td&gt;Chrome&lt;/td&gt;&lt;td&gt;True&lt;/td&gt;&lt;td&gt;&lt;/td&gt;&lt;/tr&gt;&lt;/table&gt;&lt;/div&gt;</msg>
<msg timestamp="20240206 21:41:31.584" level="INFO">Opening url 'https://robotsparebinindustries.com/#/robot-order'</msg>
<status status="PASS" starttime="20240206 21:41:29.781" endtime="20240206 21:41:31.771"/>
</kw>
<kw name="Close the annoying modal">
<kw name="Click Button" library="RPA.Browser.Selenium">
<arg>OK</arg>
<doc>Clicks the button identified by ``locator``.</doc>
<msg timestamp="20240206 21:41:31.772" level="INFO">Clicking button 'OK'.</msg>
<status status="PASS" starttime="20240206 21:41:31.771" endtime="20240206 21:41:31.805"/>
</kw>
<status status="PASS" starttime="20240206 21:41:31.771" endtime="20240206 21:41:31.806"/>
</kw>
<kw name="Download" library="RPA.HTTP">
<arg>https://robotsparebinindustries.com/orders.csv</arg>
<arg>overwrite=True</arg>
<doc>An alias for the ``HTTP Get`` keyword.</doc>
<msg timestamp="20240206 21:41:31.806" level="INFO">Creating a new HTTP session</msg>
<msg timestamp="20240206 21:41:31.806" level="INFO">Creating Session using : alias=rpasession_alias.httpsrobotsparebinindustries.com, url=https://robotsparebinindustries.com, headers={},                     cookies={}, auth=None, timeout=None, proxies=None, verify=True,                     debug=0 </msg>
<status status="PASS" starttime="20240206 21:41:31.806" endtime="20240206 21:41:32.003"/>
</kw>
<kw name="Read table from CSV" library="RPA.Tables">
<var>${orders}</var>
<arg>orders.csv</arg>
<arg>has_header=True</arg>
<doc>Read a CSV file as a table.</doc>
<msg timestamp="20240206 21:41:32.005" level="INFO">${orders} = Table(columns=['Order number', 'Head', 'Body', 'Legs', 'Address'], rows=20)</msg>
<status status="PASS" starttime="20240206 21:41:32.003" endtime="20240206 21:41:32.005"/>
</kw>
<for flavor="IN">
<var>${orders}</var>
<value>@{orders}</value>
<iter>
<var name="${orders}">{'Order number': '1', 'Head': '1', 'Body': '2', 'Legs': '3', 'Address': 'Address 123'}</var>
<kw name="Fill the form">
<arg>${orders}</arg>
<kw name="Select From List By Value" library="RPA.Browser.Selenium">
<arg>id:head</arg>
<arg>${orders}[Head]</arg>
<doc>Selects options from selection list ``locator`` by ``values``.</doc>
<msg timestamp="20240206 21:41:32.006" level="INFO">Selecting options from selection list 'id:head' by value 1.</msg>
<status status="PASS" starttime="20240206 21:41:32.006" endtime="20240206 21:41:32.038"/>
</kw>
<kw name="Select Radio Button" library="RPA.Browser.Selenium">
<arg>body</arg>
<arg>${orders}[Body]</arg>
<doc>Sets the radio button group ``group_name`` to ``value``.</doc>
<msg timestamp="20240206 21:41:32.039" level="INFO">Selecting '2' from radio button 'body'.</msg>
<status status="PASS" starttime="20240206 21:41:32.038" endtime="20240206 21:41:32.062"/>
</kw>
<kw name="Input Text" library="RPA.Browser.Selenium">
<arg>//input[@placeholder='Enter the part number for the legs']</arg>
<arg>${orders}[Legs]</arg>
<doc>Types the given ``text`` into the text field identified by ``locator``.</doc>
<msg timestamp="20240206 21:41:32.063" level="INFO">Typing text '3' into text field '//input[@placeholder='Enter the part number for the legs']'.</msg>
<status status="PASS" starttime="20240206 21:41:32.063" endtime="20240206 21:41:32.100"/>
</kw>
<kw name="Input Text" library="RPA.Browser.Selenium">
<arg>id:address</arg>
<arg>${orders}[Address]</arg>
<doc>Types the given ``text`` into the text field identified by ``locator``.</doc>
<msg timestamp="20240206 21:41:32.101" level="INFO">Typing text 'Address 123' into text field 'id:address'.</msg>
<status status="PASS" starttime="20240206 21:41:32.100" endtime="20240206 21:41:32.134"/>
</kw>
<kw name="Click Element When Clickable" library="RPA.Browser.Selenium">
<arg>//*[@id="order"]</arg>
<arg>timeout=10s</arg>
<doc>Waits for and clicks an element until is fully ready to be clicked.</doc>
<status status="PASS" starttime="20240206 21:41:32.134" endtime="20240206 21:41:32.167"/>
</kw>
<kw name="Handle error alert">
<kw name="Get Element Count" library="RPA.Browser.Selenium">
<var>${error_locator}</var>
<arg>//div[@class='alert alert-danger']</arg>
<doc>Returns the number of elements matching ``locator``.</doc>
<msg timestamp="20240206 21:41:32.173" level="INFO">${error_locator} = 0</msg>
<status status="PASS" starttime="20240206 21:41:32.167" endtime="20240206 21:41:32.173"/>
</kw>
<while condition="${error_locator} &gt; 0">
<iter>
<kw name="Click Element When Clickable" library="RPA.Browser.Selenium">
<arg>//*[@id="order"]</arg>
<arg>timeout=10s</arg>
<doc>Waits for and clicks an element until is fully ready to be clicked.</doc>
<status status="NOT RUN" starttime="20240206 21:41:32.174" endtime="20240206 21:41:32.174"/>
</kw>
<kw name="Get Element Count" library="RPA.Browser.Selenium">
<var>${error_locator}</var>
<arg>//div[@class='alert alert-danger']</arg>
<doc>Returns the number of elements matching ``locator``.</doc>
<status status="NOT RUN" starttime="20240206 21:41:32.174" endtime="20240206 21:41:32.174"/>
</kw>
<status status="NOT RUN" starttime="20240206 21:41:32.173" endtime="20240206 21:41:32.174"/>
</iter>
<status status="NOT RUN" starttime="20240206 21:41:32.173" endtime="20240206 21:41:32.174"/>
</while>
<status status="PASS" starttime="20240206 21:41:32.167" endtime="20240206 21:41:32.174"/>
</kw>
<kw name="Embed the robot screenshot to the receipt PDF file">
<arg>${OUTPUT_DIR}${/}receipts${/}${orders}[Order number].png</arg>
<arg>${OUTPUT_DIR}${/}receipts${/}${orders}[Order number].pdf</arg>
<kw name="Wait Until Element Is Visible" library="RPA.Browser.Selenium">
<arg>id:receipt</arg>
<doc>Waits until the element ``locator`` is visible.</doc>
<status status="PASS" starttime="20240206 21:41:32.174" endtime="20240206 21:41:32.185"/>
</kw>
<kw name="Capture Element Screenshot" library="RPA.Browser.Selenium">
<arg>id:receipt</arg>
<arg>${screenshot}</arg>
<doc>Captures a screenshot from the element identified by ``locator`` and embeds it into log file.</doc>
<msg timestamp="20240206 21:41:32.218" level="INFO" html="true">&lt;/td&gt;&lt;/tr&gt;&lt;tr&gt;&lt;td colspan="3"&gt;&lt;a href="receipts/1.png"&gt;&lt;img src="receipts/1.png" width="400px"&gt;&lt;/a&gt;</msg>
<status status="PASS" starttime="20240206 21:41:32.186" endtime="20240206 21:41:32.218"/>
</kw>
<kw name="Get Element Attribute" library="RPA.Browser.Selenium">
<var>${order_receipt_html}</var>
<arg>id:receipt</arg>
<arg>outerHTML</arg>
<doc>Returns the value of ``attribute`` from the element ``locator``.</doc>
<msg timestamp="20240206 21:41:32.227" level="INFO">${order_receipt_html} = &lt;div id="receipt" class="alert alert-success" role="alert"&gt;&lt;h3&gt;Receipt&lt;/h3&gt;&lt;div&gt;2024-02-07T02:41:32.161Z&lt;/div&gt;&lt;p class="badge badge-success"&gt;RSB-ROBO-ORDER-Q5DDD2L4Y&lt;/p&gt;&lt;p&gt;Address 123&lt;/p&gt;&lt;div id="part...</msg>
<status status="PASS" starttime="20240206 21:41:32.218" endtime="20240206 21:41:32.227"/>
</kw>
<kw name="Html To Pdf" library="RPA.PDF">
<arg>${order_receipt_html}</arg>
<arg>${pdf}</arg>
<doc>Generate a PDF file from HTML content.</doc>
<msg timestamp="20240206 21:41:32.228" level="INFO">Writing output to file C:\Users\VULTRON\Documents\Robocorp Portfolio\Automation Certfication Level II - Robot Framework\output\receipts\1.pdf</msg>
<msg timestamp="20240206 21:41:32.269" level="INFO">maxp pruned</msg>
<msg timestamp="20240206 21:41:32.269" level="INFO">cmap pruned</msg>
<msg timestamp="20240206 21:41:32.271" level="INFO">post pruned</msg>
<msg timestamp="20240206 21:41:32.272" level="INFO">GDEF dropped</msg>
<msg timestamp="20240206 21:41:32.272" level="INFO">GPOS dropped</msg>
<msg timestamp="20240206 21:41:32.272" level="INFO">GSUB dropped</msg>
<msg timestamp="20240206 21:41:32.274" level="INFO">glyf pruned</msg>
<msg timestamp="20240206 21:41:32.274" level="INFO">Added gid0 to subset</msg>
<msg timestamp="20240206 21:41:32.274" level="INFO">Added first four glyphs to subset</msg>
<msg timestamp="20240206 21:41:32.274" level="INFO">Closing glyph list over 'glyf': 56 glyphs before</msg>
<msg timestamp="20240206 21:41:32.274" level="INFO">Glyph names: ['.notdef', '.null', 'uni0020', 'uni0021', 'uni002D', 'uni002E', 'uni0030', 'uni0031', 'uni0032', 'uni0033', 'uni0034', 'uni0035', 'uni0036', 'uni0037', 'uni0038', 'uni0039', 'uni003A', 'uni0041', 'uni0042', 'uni0044', 'uni0045', 'uni0048', 'uni004C', 'uni004F', 'uni0051', 'uni0052', 'uni0053', 'uni0054', 'uni0057', 'uni0059', 'uni005A', 'uni0061', 'uni0062', 'uni0063', 'uni0064', 'uni0065', 'uni0066', 'uni0067', 'uni0068', 'uni0069', 'uni006B', 'uni006C', 'uni006D', 'uni006E', 'uni006F', 'uni0070', 'uni0072', 'uni0073', 'uni0074', 'uni0075', 'uni0076', 'uni0077', 'uni0079', 'uni007B', 'uni007D', 'uni00C4']</msg>
<msg timestamp="20240206 21:41:32.274" level="INFO">Glyph IDs:   [0, 1, 2, 3, 65, 84, 95, 161, 280, 320, 381, 382, 395, 409, 456, 469, 493, 504, 575, 582, 594, 612, 645, 650, 660, 679, 715, 723, 752, 759, 775, 827, 837, 867, 884, 899, 932, 936, 950, 1294, 1295, 1296, 1298, 1299, 1300, 1302, 1303, 1304, 1305, 1329, 1345, 1346, 1361, 1404, 1407, 1681]</msg>
<msg timestamp="20240206 21:41:32.275" level="INFO">Closed glyph list over 'glyf': 56 glyphs after</msg>
<msg timestamp="20240206 21:41:32.275" level="INFO">Glyph names: ['.notdef', '.null', 'uni0020', 'uni0021', 'uni002D', 'uni002E', 'uni0030', 'uni0031', 'uni0032', 'uni0033', 'uni0034', 'uni0035', 'uni0036', 'uni0037', 'uni0038', 'uni0039', 'uni003A', 'uni0041', 'uni0042', 'uni0044', 'uni0045', 'uni0048', 'uni004C', 'uni004F', 'uni0051', 'uni0052', 'uni0053', 'uni0054', 'uni0057', 'uni0059', 'uni005A', 'uni0061', 'uni0062', 'uni0063', 'uni0064', 'uni0065', 'uni0066', 'uni0067', 'uni0068', 'uni0069', 'uni006B', 'uni006C', 'uni006D', 'uni006E', 'uni006F', 'uni0070', 'uni0072', 'uni0073', 'uni0074', 'uni0075', 'uni0076', 'uni0077', 'uni0079', 'uni007B', 'uni007D', 'uni00C4']</msg>
<msg timestamp="20240206 21:41:32.275" level="INFO">Glyph IDs:   [0, 1, 2, 3, 65, 84, 95, 161, 280, 320, 381, 382, 395, 409, 456, 469, 493, 504, 575, 582, 594, 612, 645, 650, 660, 679, 715, 723, 752, 759, 775, 827, 837, 867, 884, 899, 932, 936, 950, 1294, 1295, 1296, 1298, 1299, 1300, 1302, 1303, 1304, 1305, 1329, 1345, 1346, 1361, 1404, 1407, 1681]</msg>
<msg timestamp="20240206 21:41:32.275" level="INFO">Retaining 56 glyphs</msg>
<msg timestamp="20240206 21:41:32.275" level="INFO">head subsetting not needed</msg>
<msg timestamp="20240206 21:41:32.275" level="INFO">hhea subsetting not needed</msg>
<msg timestamp="20240206 21:41:32.275" level="INFO">maxp subsetting not needed</msg>
<msg timestamp="20240206 21:41:32.275" level="INFO">OS/2 subsetting not needed</msg>
<msg timestamp="20240206 21:41:32.275" level="INFO">hmtx subsetted</msg>
<msg timestamp="20240206 21:41:32.276" level="INFO">cmap subsetted</msg>
<msg timestamp="20240206 21:41:32.276" level="INFO">prep subsetting not needed</msg>
<msg timestamp="20240206 21:41:32.276" level="INFO">loca subsetting not needed</msg>
<msg timestamp="20240206 21:41:32.276" level="INFO">post subsetted</msg>
<msg timestamp="20240206 21:41:32.276" level="INFO">gasp subsetting not needed</msg>
<msg timestamp="20240206 21:41:32.277" level="INFO">STAT subsetting not needed</msg>
<msg timestamp="20240206 21:41:32.277" level="INFO">name subsetting not needed</msg>
<msg timestamp="20240206 21:41:32.277" level="INFO">glyf subsetted</msg>
<msg timestamp="20240206 21:41:32.277" level="INFO">head pruned</msg>
<msg timestamp="20240206 21:41:32.277" level="INFO">OS/2 Unicode ranges pruned: [0]</msg>
<msg timestamp="20240206 21:41:32.278" level="INFO">OS/2 CodePage ranges pruned: [0]</msg>
<msg timestamp="20240206 21:41:32.278" level="INFO">glyf pruned</msg>
<msg timestamp="20240206 21:41:32.279" level="INFO">name pruned</msg>
<msg timestamp="20240206 21:41:32.286" level="INFO">maxp pruned</msg>
<msg timestamp="20240206 21:41:32.286" level="INFO">cmap pruned</msg>
<msg timestamp="20240206 21:41:32.286" level="INFO">post pruned</msg>
<msg timestamp="20240206 21:41:32.287" level="INFO">GDEF dropped</msg>
<msg timestamp="20240206 21:41:32.287" level="INFO">GPOS dropped</msg>
<msg timestamp="20240206 21:41:32.287" level="INFO">GSUB dropped</msg>
<msg timestamp="20240206 21:41:32.288" level="INFO">glyf pruned</msg>
<msg timestamp="20240206 21:41:32.288" level="INFO">Added gid0 to subset</msg>
<msg timestamp="20240206 21:41:32.288" level="INFO">Added first four glyphs to subset</msg>
<msg timestamp="20240206 21:41:32.288" level="INFO">Closing glyph list over 'glyf': 19 glyphs before</msg>
<msg timestamp="20240206 21:41:32.289" level="INFO">Glyph names: ['.notdef', '.null', 'uni0020', 'uni0030', 'uni0031', 'uni0032', 'uni0033', 'uni0034', 'uni0035', 'uni0036', 'uni0037', 'uni0038', 'uni0039', 'uni0041', 'uni0062', 'uni006E', 'uni007B', 'uni007D', 'uni00C4']</msg>
<msg timestamp="20240206 21:41:32.289" level="INFO">Glyph IDs:   [0, 1, 2, 3, 575, 759, 1294, 1295, 1296, 1298, 1299, 1300, 1302, 1303, 1304, 1305, 1345, 1346, 1681]</msg>
<msg timestamp="20240206 21:41:32.289" level="INFO">Closed glyph list over 'glyf': 19 glyphs after</msg>
<msg timestamp="20240206 21:41:32.289" level="INFO">Glyph names: ['.notdef', '.null', 'uni0020', 'uni0030', 'uni0031', 'uni0032', 'uni0033', 'uni0034', 'uni0035', 'uni0036', 'uni0037', 'uni0038', 'uni0039', 'uni0041', 'uni0062', 'uni006E', 'uni007B', 'uni007D', 'uni00C4']</msg>
<msg timestamp="20240206 21:41:32.289" level="INFO">Glyph IDs:   [0, 1, 2, 3, 575, 759, 1294, 1295, 1296, 1298, 1299, 1300, 1302, 1303, 1304, 1305, 1345, 1346, 1681]</msg>
<msg timestamp="20240206 21:41:32.289" level="INFO">Retaining 19 glyphs</msg>
<msg timestamp="20240206 21:41:32.289" level="INFO">head subsetting not needed</msg>
<msg timestamp="20240206 21:41:32.289" level="INFO">hhea subsetting not needed</msg>
<msg timestamp="20240206 21:41:32.289" level="INFO">maxp subsetting not needed</msg>
<msg timestamp="20240206 21:41:32.289" level="INFO">OS/2 subsetting not needed</msg>
<msg timestamp="20240206 21:41:32.289" level="INFO">hmtx subsetted</msg>
<msg timestamp="20240206 21:41:32.290" level="INFO">cmap subsetted</msg>
<msg timestamp="20240206 21:41:32.290" level="INFO">prep subsetting not needed</msg>
<msg timestamp="20240206 21:41:32.290" level="INFO">loca subsetting not needed</msg>
<msg timestamp="20240206 21:41:32.290" level="INFO">post subsetted</msg>
<msg timestamp="20240206 21:41:32.290" level="INFO">gasp subsetting not needed</msg>
<msg timestamp="20240206 21:41:32.291" level="INFO">STAT subsetting not needed</msg>
<msg timestamp="20240206 21:41:32.291" level="INFO">name subsetting not needed</msg>
<msg timestamp="20240206 21:41:32.291" level="INFO">glyf subsetted</msg>
<msg timestamp="20240206 21:41:32.291" level="INFO">head pruned</msg>
<msg timestamp="20240206 21:41:32.292" level="INFO">OS/2 Unicode ranges pruned: [0]</msg>
<msg timestamp="20240206 21:41:32.292" level="INFO">OS/2 CodePage ranges pruned: [0]</msg>
<msg timestamp="20240206 21:41:32.292" level="INFO">glyf pruned</msg>
<msg timestamp="20240206 21:41:32.292" level="INFO">name pruned</msg>
<msg timestamp="20240206 21:41:32.297" level="INFO">maxp pruned</msg>
<msg timestamp="20240206 21:41:32.297" level="INFO">cmap pruned</msg>
<msg timestamp="20240206 21:41:32.297" level="INFO">post pruned</msg>
<msg timestamp="20240206 21:41:32.297" level="INFO">GDEF dropped</msg>
<msg timestamp="20240206 21:41:32.297" level="INFO">GPOS dropped</msg>
<msg timestamp="20240206 21:41:32.297" level="INFO">GSUB dropped</msg>
<msg timestamp="20240206 21:41:32.299" level="INFO">glyf pruned</msg>
<msg timestamp="20240206 21:41:32.300" level="INFO">Added gid0 to subset</msg>
<msg timestamp="20240206 21:41:32.300" level="INFO">Added first four glyphs to subset</msg>
<msg timestamp="20240206 21:41:32.300" level="INFO">Closing glyph list over 'glyf': 18 glyphs before</msg>
<msg timestamp="20240206 21:41:32.300" level="INFO">Glyph names: ['.notdef', '.null', 'uni0020', 'uni0030', 'uni0031', 'uni0032', 'uni0033', 'uni0034', 'uni0035', 'uni0036', 'uni0037', 'uni0038', 'uni0039', 'uni0062', 'uni006E', 'uni007B', 'uni007D', 'uni00A0']</msg>
<msg timestamp="20240206 21:41:32.300" level="INFO">Glyph IDs:   [0, 1, 2, 3, 544, 727, 1256, 1257, 1258, 1260, 1261, 1262, 1264, 1265, 1266, 1267, 1307, 1308]</msg>
<msg timestamp="20240206 21:41:32.300" level="INFO">Closed glyph list over 'glyf': 18 glyphs after</msg>
<msg timestamp="20240206 21:41:32.300" level="INFO">Glyph names: ['.notdef', '.null', 'uni0020', 'uni0030', 'uni0031', 'uni0032', 'uni0033', 'uni0034', 'uni0035', 'uni0036', 'uni0037', 'uni0038', 'uni0039', 'uni0062', 'uni006E', 'uni007B', 'uni007D', 'uni00A0']</msg>
<msg timestamp="20240206 21:41:32.300" level="INFO">Glyph IDs:   [0, 1, 2, 3, 544, 727, 1256, 1257, 1258, 1260, 1261, 1262, 1264, 1265, 1266, 1267, 1307, 1308]</msg>
<msg timestamp="20240206 21:41:32.300" level="INFO">Retaining 18 glyphs</msg>
<msg timestamp="20240206 21:41:32.301" level="INFO">head subsetting not needed</msg>
<msg timestamp="20240206 21:41:32.301" level="INFO">hhea subsetting not needed</msg>
<msg timestamp="20240206 21:41:32.301" level="INFO">maxp subsetting not needed</msg>
<msg timestamp="20240206 21:41:32.301" level="INFO">OS/2 subsetting not needed</msg>
<msg timestamp="20240206 21:41:32.301" level="INFO">hmtx subsetted</msg>
<msg timestamp="20240206 21:41:32.301" level="INFO">cmap subsetted</msg>
<msg timestamp="20240206 21:41:32.301" level="INFO">loca subsetting not needed</msg>
<msg timestamp="20240206 21:41:32.301" level="INFO">post subsetted</msg>
<msg timestamp="20240206 21:41:32.302" level="INFO">name subsetting not needed</msg>
<msg timestamp="20240206 21:41:32.302" level="INFO">glyf subsetted</msg>
<msg timestamp="20240206 21:41:32.302" level="INFO">head pruned</msg>
<msg timestamp="20240206 21:41:32.302" level="INFO">OS/2 Unicode ranges pruned: [0]</msg>
<msg timestamp="20240206 21:41:32.302" level="INFO">OS/2 CodePage ranges pruned: [0]</msg>
<msg timestamp="20240206 21:41:32.302" level="INFO">glyf pruned</msg>
<msg timestamp="20240206 21:41:32.303" level="INFO">name pruned</msg>
<msg timestamp="20240206 21:41:32.306" level="INFO">maxp pruned</msg>
<msg timestamp="20240206 21:41:32.306" level="INFO">cmap pruned</msg>
<msg timestamp="20240206 21:41:32.306" level="INFO">post pruned</msg>
<msg timestamp="20240206 21:41:32.306" level="INFO">GDEF dropped</msg>
<msg timestamp="20240206 21:41:32.306" level="INFO">GPOS dropped</msg>
<msg timestamp="20240206 21:41:32.307" level="INFO">GSUB dropped</msg>
<msg timestamp="20240206 21:41:32.309" level="INFO">glyf pruned</msg>
<msg timestamp="20240206 21:41:32.310" level="INFO">Added gid0 to subset</msg>
<msg timestamp="20240206 21:41:32.310" level="INFO">Added first four glyphs to subset</msg>
<msg timestamp="20240206 21:41:32.310" level="INFO">Closing glyph list over 'glyf': 18 glyphs before</msg>
<msg timestamp="20240206 21:41:32.310" level="INFO">Glyph names: ['.notdef', '.null', 'uni0020', 'uni0030', 'uni0031', 'uni0032', 'uni0033', 'uni0034', 'uni0035', 'uni0036', 'uni0037', 'uni0038', 'uni0039', 'uni0062', 'uni006E', 'uni007B', 'uni007D', 'uni00A0']</msg>
<msg timestamp="20240206 21:41:32.310" level="INFO">Glyph IDs:   [0, 1, 2, 3, 544, 727, 1256, 1257, 1258, 1260, 1261, 1262, 1264, 1265, 1266, 1267, 1307, 1308]</msg>
<msg timestamp="20240206 21:41:32.310" level="INFO">Closed glyph list over 'glyf': 18 glyphs after</msg>
<msg timestamp="20240206 21:41:32.310" level="INFO">Glyph names: ['.notdef', '.null', 'uni0020', 'uni0030', 'uni0031', 'uni0032', 'uni0033', 'uni0034', 'uni0035', 'uni0036', 'uni0037', 'uni0038', 'uni0039', 'uni0062', 'uni006E', 'uni007B', 'uni007D', 'uni00A0']</msg>
<msg timestamp="20240206 21:41:32.311" level="INFO">Glyph IDs:   [0, 1, 2, 3, 544, 727, 1256, 1257, 1258, 1260, 1261, 1262, 1264, 1265, 1266, 1267, 1307, 1308]</msg>
<msg timestamp="20240206 21:41:32.311" level="INFO">Retaining 18 glyphs</msg>
<msg timestamp="20240206 21:41:32.311" level="INFO">head subsetting not needed</msg>
<msg timestamp="20240206 21:41:32.311" level="INFO">hhea subsetting not needed</msg>
<msg timestamp="20240206 21:41:32.311" level="INFO">maxp subsetting not needed</msg>
<msg timestamp="20240206 21:41:32.311" level="INFO">OS/2 subsetting not needed</msg>
<msg timestamp="20240206 21:41:32.311" level="INFO">hmtx subsetted</msg>
<msg timestamp="20240206 21:41:32.312" level="INFO">cmap subsetted</msg>
<msg timestamp="20240206 21:41:32.312" level="INFO">loca subsetting not needed</msg>
<msg timestamp="20240206 21:41:32.312" level="INFO">post subsetted</msg>
<msg timestamp="20240206 21:41:32.312" level="INFO">name subsetting not needed</msg>
<msg timestamp="20240206 21:41:32.312" level="INFO">glyf subsetted</msg>
<msg timestamp="20240206 21:41:32.312" level="INFO">head pruned</msg>
<msg timestamp="20240206 21:41:32.312" level="INFO">OS/2 Unicode ranges pruned: [0]</msg>
<msg timestamp="20240206 21:41:32.312" level="INFO">OS/2 CodePage ranges pruned: [0]</msg>
<msg timestamp="20240206 21:41:32.313" level="INFO">glyf pruned</msg>
<msg timestamp="20240206 21:41:32.313" level="INFO">name pruned</msg>
<status status="PASS" starttime="20240206 21:41:32.227" endtime="20240206 21:41:32.318"/>
</kw>
<kw name="Log" library="BuiltIn">
<arg>${pdf}</arg>
<doc>Logs the given message with the given level.</doc>
<msg timestamp="20240206 21:41:32.319" level="INFO">C:\Users\VULTRON\Documents\Robocorp Portfolio\Automation Certfication Level II - Robot Framework\output\receipts\1.pdf</msg>
<status status="PASS" starttime="20240206 21:41:32.318" endtime="20240206 21:41:32.319"/>
</kw>
<kw name="Open Pdf" library="RPA.PDF">
<arg>${pdf}</arg>
<doc>Open a PDF document for reading.</doc>
<status status="PASS" starttime="20240206 21:41:32.319" endtime="20240206 21:41:32.325"/>
</kw>
<kw name="Create List" library="BuiltIn">
<var>${files}</var>
<arg>${pdf}</arg>
<arg>${screenshot}</arg>
<doc>Returns a list containing given items.</doc>
<msg timestamp="20240206 21:41:32.325" level="INFO">${files} = ['C:\\Users\\VULTRON\\Documents\\Robocorp Portfolio\\Automation Certfication Level II - Robot Framework\\output\\receipts\\1.pdf', 'C:\\Users\\VULTRON\\Documents\\Robocorp Portfolio\\Automation Certfi...</msg>
<status status="PASS" starttime="20240206 21:41:32.325" endtime="20240206 21:41:32.325"/>
</kw>
<kw name="Add Files To Pdf" library="RPA.PDF">
<arg>${files}</arg>
<arg>${pdf}</arg>
<doc>Add images and/or pdfs to new PDF document.</doc>
<msg timestamp="20240206 21:41:32.326" level="INFO">File C:\Users\VULTRON\Documents\Robocorp Portfolio\Automation Certfication Level II - Robot Framework\output\receipts\1.pdf type: None</msg>
<msg timestamp="20240206 21:41:32.342" level="INFO">File C:\Users\VULTRON\Documents\Robocorp Portfolio\Automation Certfication Level II - Robot Framework\output\receipts\1.png type: png</msg>
<msg timestamp="20240206 21:41:32.343" level="INFO">Image parameters: {}</msg>
<status status="PASS" starttime="20240206 21:41:32.325" endtime="20240206 21:41:32.381"/>
</kw>
<kw name="Close Pdf" library="RPA.PDF">
<arg>${pdf}</arg>
<doc>Close PDF file descriptor for a certain file.</doc>
<msg timestamp="20240206 21:41:32.382" level="INFO">Closing PDF document: C:\Users\VULTRON\Documents\Robocorp Portfolio\Automation Certfication Level II - Robot Framework\output\receipts\1.pdf</msg>
<status status="PASS" starttime="20240206 21:41:32.381" endtime="20240206 21:41:32.382"/>
</kw>
<kw name="Run Keyword" library="BuiltIn">
<arg>Remove File</arg>
<arg>${screenshot}</arg>
<doc>Executes the given keyword with the given arguments.</doc>
<kw name="Remove File" library="RPA.FileSystem">
<arg>${screenshot}</arg>
<doc>Removes the given file.</doc>
<msg timestamp="20240206 21:41:32.382" level="WARN">Keyword 'Remove File' found both from a custom library 'RPA.FileSystem' and a standard library 'OperatingSystem'. The custom keyword is used. To select explicitly, and to get rid of this warning, use either 'RPA.FileSystem.Remove File' or 'OperatingSystem.Remove File'.</msg>
<status status="PASS" starttime="20240206 21:41:32.382" endtime="20240206 21:41:32.384"/>
</kw>
<status status="PASS" starttime="20240206 21:41:32.382" endtime="20240206 21:41:32.384"/>
</kw>
<status status="PASS" starttime="20240206 21:41:32.174" endtime="20240206 21:41:32.384"/>
</kw>
<kw name="Click Button" library="RPA.Browser.Selenium">
<arg>Order another robot</arg>
<doc>Clicks the button identified by ``locator``.</doc>
<msg timestamp="20240206 21:41:32.385" level="INFO">Clicking button 'Order another robot'.</msg>
<status status="PASS" starttime="20240206 21:41:32.384" endtime="20240206 21:41:32.510"/>
</kw>
<kw name="Close the annoying modal">
<kw name="Click Button" library="RPA.Browser.Selenium">
<arg>OK</arg>
<doc>Clicks the button identified by ``locator``.</doc>
<msg timestamp="20240206 21:41:32.511" level="INFO">Clicking button 'OK'.</msg>
<status status="PASS" starttime="20240206 21:41:32.511" endtime="20240206 21:41:32.531"/>
</kw>
<status status="PASS" starttime="20240206 21:41:32.510" endtime="20240206 21:41:32.531"/>
</kw>
<status status="PASS" starttime="20240206 21:41:32.006" endtime="20240206 21:41:32.531"/>
</kw>
<status status="PASS" starttime="20240206 21:41:32.006" endtime="20240206 21:41:32.531"/>
</iter>
<iter>
<var name="${orders}">{'Order number': '2', 'Head': '4', 'Body': '1', 'Legs': '5', 'Address': 'Address 456'}</var>
<kw name="Fill the form">
<arg>${orders}</arg>
<kw name="Select From List By Value" library="RPA.Browser.Selenium">
<arg>id:head</arg>
<arg>${orders}[Head]</arg>
<doc>Selects options from selection list ``locator`` by ``values``.</doc>
<msg timestamp="20240206 21:41:32.532" level="INFO">Selecting options from selection list 'id:head' by value 4.</msg>
<status status="PASS" starttime="20240206 21:41:32.532" endtime="20240206 21:41:32.554"/>
</kw>
<kw name="Select Radio Button" library="RPA.Browser.Selenium">
<arg>body</arg>
<arg>${orders}[Body]</arg>
<doc>Sets the radio button group ``group_name`` to ``value``.</doc>
<msg timestamp="20240206 21:41:32.555" level="INFO">Selecting '1' from radio button 'body'.</msg>
<status status="PASS" starttime="20240206 21:41:32.554" endtime="20240206 21:41:32.576"/>
</kw>
<kw name="Input Text" library="RPA.Browser.Selenium">
<arg>//input[@placeholder='Enter the part number for the legs']</arg>
<arg>${orders}[Legs]</arg>
<doc>Types the given ``text`` into the text field identified by ``locator``.</doc>
<msg timestamp="20240206 21:41:32.576" level="INFO">Typing text '5' into text field '//input[@placeholder='Enter the part number for the legs']'.</msg>
<status status="PASS" starttime="20240206 21:41:32.576" endtime="20240206 21:41:32.604"/>
</kw>
<kw name="Input Text" library="RPA.Browser.Selenium">
<arg>id:address</arg>
<arg>${orders}[Address]</arg>
<doc>Types the given ``text`` into the text field identified by ``locator``.</doc>
<msg timestamp="20240206 21:41:32.604" level="INFO">Typing text 'Address 456' into text field 'id:address'.</msg>
<status status="PASS" starttime="20240206 21:41:32.604" endtime="20240206 21:41:32.635"/>
</kw>
<kw name="Click Element When Clickable" library="RPA.Browser.Selenium">
<arg>//*[@id="order"]</arg>
<arg>timeout=10s</arg>
<doc>Waits for and clicks an element until is fully ready to be clicked.</doc>
<status status="PASS" starttime="20240206 21:41:32.635" endtime="20240206 21:41:32.659"/>
</kw>
<kw name="Handle error alert">
<kw name="Get Element Count" library="RPA.Browser.Selenium">
<var>${error_locator}</var>
<arg>//div[@class='alert alert-danger']</arg>
<doc>Returns the number of elements matching ``locator``.</doc>
<msg timestamp="20240206 21:41:32.663" level="INFO">${error_locator} = 1</msg>
<status status="PASS" starttime="20240206 21:41:32.659" endtime="20240206 21:41:32.663"/>
</kw>
<while condition="${error_locator} &gt; 0">
<iter>
<kw name="Click Element When Clickable" library="RPA.Browser.Selenium">
<arg>//*[@id="order"]</arg>
<arg>timeout=10s</arg>
<doc>Waits for and clicks an element until is fully ready to be clicked.</doc>
<msg timestamp="20240206 21:41:33.739" level="WARN">Couldn't click element '//*[@id="order"]' with Selenium due to: Message: element click intercepted: Element is not clickable at point (264, 1021)
  (Session info: chrome=121.0.6167.140)
Stacktrace:
	GetHandleVerifier [0x005F1673+52979]
	(No symbol) [0x00577961]
	(No symbol) [0x0045DD3D]
	(No symbol) [0x0049B79B]
	(No symbol) [0x00499EB7]
	(No symbol) [0x00497F1B]
	(No symbol) [0x004970BD]
	(No symbol) [0x0048E010]
	(No symbol) [0x004B44EC]
	(No symbol) [0x0048DA4E]
	(No symbol) [0x004B4784]
	(No symbol) [0x004CB3FE]
	(No symbol) [0x004B4286]
	(No symbol) [0x0048C063]
	(No symbol) [0x0048CECD]
	GetHandleVerifier [0x00908D83+3294723]
	GetHandleVerifier [0x00946CC2+3548482]
	GetHandleVerifier [0x00941C9C+3527964]
	GetHandleVerifier [0x0068870E+671630]
	(No symbol) [0x00581EB4]
	(No symbol) [0x0057D808]
	(No symbol) [0x0057D92D]
	(No symbol) [0x0056F7E0]
	BaseThreadInitThunk [0x76ABFCC9+25]
	RtlGetAppContainerNamedObjectPath [0x77047C6E+286]
	RtlGetAppContainerNamedObjectPath [0x77047C3E+238]
 (trying with JavaScript)</msg>
<status status="PASS" starttime="20240206 21:41:32.664" endtime="20240206 21:41:33.749"/>
</kw>
<kw name="Get Element Count" library="RPA.Browser.Selenium">
<var>${error_locator}</var>
<arg>//div[@class='alert alert-danger']</arg>
<doc>Returns the number of elements matching ``locator``.</doc>
<msg timestamp="20240206 21:41:33.755" level="INFO">${error_locator} = 0</msg>
<status status="PASS" starttime="20240206 21:41:33.750" endtime="20240206 21:41:33.755"/>
</kw>
<status status="PASS" starttime="20240206 21:41:32.664" endtime="20240206 21:41:33.755"/>
</iter>
<status status="PASS" starttime="20240206 21:41:32.664" endtime="20240206 21:41:33.756"/>
</while>
<status status="PASS" starttime="20240206 21:41:32.659" endtime="20240206 21:41:33.756"/>
</kw>
<kw name="Embed the robot screenshot to the receipt PDF file">
<arg>${OUTPUT_DIR}${/}receipts${/}${orders}[Order number].png</arg>
<arg>${OUTPUT_DIR}${/}receipts${/}${orders}[Order number].pdf</arg>
<kw name="Wait Until Element Is Visible" library="RPA.Browser.Selenium">
<arg>id:receipt</arg>
<doc>Waits until the element ``locator`` is visible.</doc>
<status status="PASS" starttime="20240206 21:41:33.757" endtime="20240206 21:41:33.767"/>
</kw>
<kw name="Capture Element Screenshot" library="RPA.Browser.Selenium">
<arg>id:receipt</arg>
<arg>${screenshot}</arg>
<doc>Captures a screenshot from the element identified by ``locator`` and embeds it into log file.</doc>
<msg timestamp="20240206 21:41:33.805" level="INFO" html="true">&lt;/td&gt;&lt;/tr&gt;&lt;tr&gt;&lt;td colspan="3"&gt;&lt;a href="receipts/2.png"&gt;&lt;img src="receipts/2.png" width="400px"&gt;&lt;/a&gt;</msg>
<status status="PASS" starttime="20240206 21:41:33.767" endtime="20240206 21:41:33.806"/>
</kw>
<kw name="Get Element Attribute" library="RPA.Browser.Selenium">
<var>${order_receipt_html}</var>
<arg>id:receipt</arg>
<arg>outerHTML</arg>
<doc>Returns the value of ``attribute`` from the element ``locator``.</doc>
<msg timestamp="20240206 21:41:33.814" level="INFO">${order_receipt_html} = &lt;div id="receipt" class="alert alert-success" role="alert"&gt;&lt;h3&gt;Receipt&lt;/h3&gt;&lt;div&gt;2024-02-07T02:41:33.744Z&lt;/div&gt;&lt;p class="badge badge-success"&gt;RSB-ROBO-ORDER-8DVD2KTFNP&lt;/p&gt;&lt;p&gt;Address 456&lt;/p&gt;&lt;div id="par...</msg>
<status status="PASS" starttime="20240206 21:41:33.806" endtime="20240206 21:41:33.814"/>
</kw>
<kw name="Html To Pdf" library="RPA.PDF">
<arg>${order_receipt_html}</arg>
<arg>${pdf}</arg>
<doc>Generate a PDF file from HTML content.</doc>
<msg timestamp="20240206 21:41:33.815" level="INFO">Writing output to file C:\Users\VULTRON\Documents\Robocorp Portfolio\Automation Certfication Level II - Robot Framework\output\receipts\2.pdf</msg>
<msg timestamp="20240206 21:41:33.849" level="INFO">maxp pruned</msg>
<msg timestamp="20240206 21:41:33.849" level="INFO">cmap pruned</msg>
<msg timestamp="20240206 21:41:33.849" level="INFO">post pruned</msg>
<msg timestamp="20240206 21:41:33.849" level="INFO">GDEF dropped</msg>
<msg timestamp="20240206 21:41:33.849" level="INFO">GPOS dropped</msg>
<msg timestamp="20240206 21:41:33.849" level="INFO">GSUB dropped</msg>
<msg timestamp="20240206 21:41:33.851" level="INFO">glyf pruned</msg>
<msg timestamp="20240206 21:41:33.852" level="INFO">Added gid0 to subset</msg>
<msg timestamp="20240206 21:41:33.852" level="INFO">Added first four glyphs to subset</msg>
<msg timestamp="20240206 21:41:33.852" level="INFO">Closing glyph list over 'glyf': 60 glyphs before</msg>
<msg timestamp="20240206 21:41:33.852" level="INFO">Glyph names: ['.notdef', '.null', 'uni0020', 'uni0021', 'uni002D', 'uni002E', 'uni0030', 'uni0031', 'uni0032', 'uni0033', 'uni0034', 'uni0035', 'uni0036', 'uni0037', 'uni0038', 'uni0039', 'uni003A', 'uni0041', 'uni0042', 'uni0044', 'uni0045', 'uni0046', 'uni0048', 'uni004B', 'uni004C', 'uni004E', 'uni004F', 'uni0050', 'uni0052', 'uni0053', 'uni0054', 'uni0056', 'uni0057', 'uni0059', 'uni005A', 'uni0061', 'uni0062', 'uni0063', 'uni0064', 'uni0065', 'uni0066', 'uni0067', 'uni0068', 'uni0069', 'uni006B', 'uni006C', 'uni006D', 'uni006E', 'uni006F', 'uni0070', 'uni0072', 'uni0073', 'uni0074', 'uni0075', 'uni0076', 'uni0077', 'uni0079', 'uni007B', 'uni007D', 'uni00C4']</msg>
<msg timestamp="20240206 21:41:33.852" level="INFO">Glyph IDs:   [0, 1, 2, 3, 65, 84, 95, 137, 161, 270, 280, 299, 320, 374, 382, 395, 409, 453, 456, 469, 493, 504, 575, 582, 594, 612, 645, 650, 660, 679, 715, 723, 752, 759, 775, 827, 837, 867, 884, 899, 932, 936, 950, 1294, 1295, 1296, 1298, 1299, 1300, 1302, 1303, 1304, 1305, 1329, 1345, 1346, 1361, 1404, 1407, 1681]</msg>
<msg timestamp="20240206 21:41:33.852" level="INFO">Closed glyph list over 'glyf': 60 glyphs after</msg>
<msg timestamp="20240206 21:41:33.852" level="INFO">Glyph names: ['.notdef', '.null', 'uni0020', 'uni0021', 'uni002D', 'uni002E', 'uni0030', 'uni0031', 'uni0032', 'uni0033', 'uni0034', 'uni0035', 'uni0036', 'uni0037', 'uni0038', 'uni0039', 'uni003A', 'uni0041', 'uni0042', 'uni0044', 'uni0045', 'uni0046', 'uni0048', 'uni004B', 'uni004C', 'uni004E', 'uni004F', 'uni0050', 'uni0052', 'uni0053', 'uni0054', 'uni0056', 'uni0057', 'uni0059', 'uni005A', 'uni0061', 'uni0062', 'uni0063', 'uni0064', 'uni0065', 'uni0066', 'uni0067', 'uni0068', 'uni0069', 'uni006B', 'uni006C', 'uni006D', 'uni006E', 'uni006F', 'uni0070', 'uni0072', 'uni0073', 'uni0074', 'uni0075', 'uni0076', 'uni0077', 'uni0079', 'uni007B', 'uni007D', 'uni00C4']</msg>
<msg timestamp="20240206 21:41:33.852" level="INFO">Glyph IDs:   [0, 1, 2, 3, 65, 84, 95, 137, 161, 270, 280, 299, 320, 374, 382, 395, 409, 453, 456, 469, 493, 504, 575, 582, 594, 612, 645, 650, 660, 679, 715, 723, 752, 759, 775, 827, 837, 867, 884, 899, 932, 936, 950, 1294, 1295, 1296, 1298, 1299, 1300, 1302, 1303, 1304, 1305, 1329, 1345, 1346, 1361, 1404, 1407, 1681]</msg>
<msg timestamp="20240206 21:41:33.852" level="INFO">Retaining 60 glyphs</msg>
<msg timestamp="20240206 21:41:33.853" level="INFO">head subsetting not needed</msg>
<msg timestamp="20240206 21:41:33.853" level="INFO">hhea subsetting not needed</msg>
<msg timestamp="20240206 21:41:33.853" level="INFO">maxp subsetting not needed</msg>
<msg timestamp="20240206 21:41:33.853" level="INFO">OS/2 subsetting not needed</msg>
<msg timestamp="20240206 21:41:33.853" level="INFO">hmtx subsetted</msg>
<msg timestamp="20240206 21:41:33.854" level="INFO">cmap subsetted</msg>
<msg timestamp="20240206 21:41:33.854" level="INFO">prep subsetting not needed</msg>
<msg timestamp="20240206 21:41:33.854" level="INFO">loca subsetting not needed</msg>
<msg timestamp="20240206 21:41:33.854" level="INFO">post subsetted</msg>
<msg timestamp="20240206 21:41:33.854" level="INFO">gasp subsetting not needed</msg>
<msg timestamp="20240206 21:41:33.854" level="INFO">STAT subsetting not needed</msg>
<msg timestamp="20240206 21:41:33.854" level="INFO">name subsetting not needed</msg>
<msg timestamp="20240206 21:41:33.854" level="INFO">glyf subsetted</msg>
<msg timestamp="20240206 21:41:33.855" level="INFO">head pruned</msg>
<msg timestamp="20240206 21:41:33.855" level="INFO">OS/2 Unicode ranges pruned: [0]</msg>
<msg timestamp="20240206 21:41:33.855" level="INFO">OS/2 CodePage ranges pruned: [0]</msg>
<msg timestamp="20240206 21:41:33.855" level="INFO">glyf pruned</msg>
<msg timestamp="20240206 21:41:33.856" level="INFO">name pruned</msg>
<msg timestamp="20240206 21:41:33.863" level="INFO">maxp pruned</msg>
<msg timestamp="20240206 21:41:33.864" level="INFO">cmap pruned</msg>
<msg timestamp="20240206 21:41:33.864" level="INFO">post pruned</msg>
<msg timestamp="20240206 21:41:33.864" level="INFO">GDEF dropped</msg>
<msg timestamp="20240206 21:41:33.864" level="INFO">GPOS dropped</msg>
<msg timestamp="20240206 21:41:33.864" level="INFO">GSUB dropped</msg>
<msg timestamp="20240206 21:41:33.866" level="INFO">glyf pruned</msg>
<msg timestamp="20240206 21:41:33.866" level="INFO">Added gid0 to subset</msg>
<msg timestamp="20240206 21:41:33.866" level="INFO">Added first four glyphs to subset</msg>
<msg timestamp="20240206 21:41:33.866" level="INFO">Closing glyph list over 'glyf': 19 glyphs before</msg>
<msg timestamp="20240206 21:41:33.867" level="INFO">Glyph names: ['.notdef', '.null', 'uni0020', 'uni0030', 'uni0031', 'uni0032', 'uni0033', 'uni0034', 'uni0035', 'uni0036', 'uni0037', 'uni0038', 'uni0039', 'uni0041', 'uni0062', 'uni006E', 'uni007B', 'uni007D', 'uni00C4']</msg>
<msg timestamp="20240206 21:41:33.867" level="INFO">Glyph IDs:   [0, 1, 2, 3, 575, 759, 1294, 1295, 1296, 1298, 1299, 1300, 1302, 1303, 1304, 1305, 1345, 1346, 1681]</msg>
<msg timestamp="20240206 21:41:33.867" level="INFO">Closed glyph list over 'glyf': 19 glyphs after</msg>
<msg timestamp="20240206 21:41:33.867" level="INFO">Glyph names: ['.notdef', '.null', 'uni0020', 'uni0030', 'uni0031', 'uni0032', 'uni0033', 'uni0034', 'uni0035', 'uni0036', 'uni0037', 'uni0038', 'uni0039', 'uni0041', 'uni0062', 'uni006E', 'uni007B', 'uni007D', 'uni00C4']</msg>
<msg timestamp="20240206 21:41:33.867" level="INFO">Glyph IDs:   [0, 1, 2, 3, 575, 759, 1294, 1295, 1296, 1298, 1299, 1300, 1302, 1303, 1304, 1305, 1345, 1346, 1681]</msg>
<msg timestamp="20240206 21:41:33.867" level="INFO">Retaining 19 glyphs</msg>
<msg timestamp="20240206 21:41:33.867" level="INFO">head subsetting not needed</msg>
<msg timestamp="20240206 21:41:33.867" level="INFO">hhea subsetting not needed</msg>
<msg timestamp="20240206 21:41:33.867" level="INFO">maxp subsetting not needed</msg>
<msg timestamp="20240206 21:41:33.867" level="INFO">OS/2 subsetting not needed</msg>
<msg timestamp="20240206 21:41:33.868" level="INFO">hmtx subsetted</msg>
<msg timestamp="20240206 21:41:33.868" level="INFO">cmap subsetted</msg>
<msg timestamp="20240206 21:41:33.868" level="INFO">prep subsetting not needed</msg>
<msg timestamp="20240206 21:41:33.868" level="INFO">loca subsetting not needed</msg>
<msg timestamp="20240206 21:41:33.868" level="INFO">post subsetted</msg>
<msg timestamp="20240206 21:41:33.869" level="INFO">gasp subsetting not needed</msg>
<msg timestamp="20240206 21:41:33.869" level="INFO">STAT subsetting not needed</msg>
<msg timestamp="20240206 21:41:33.869" level="INFO">name subsetting not needed</msg>
<msg timestamp="20240206 21:41:33.869" level="INFO">glyf subsetted</msg>
<msg timestamp="20240206 21:41:33.869" level="INFO">head pruned</msg>
<msg timestamp="20240206 21:41:33.869" level="INFO">OS/2 Unicode ranges pruned: [0]</msg>
<msg timestamp="20240206 21:41:33.869" level="INFO">OS/2 CodePage ranges pruned: [0]</msg>
<msg timestamp="20240206 21:41:33.870" level="INFO">glyf pruned</msg>
<msg timestamp="20240206 21:41:33.870" level="INFO">name pruned</msg>
<msg timestamp="20240206 21:41:33.874" level="INFO">maxp pruned</msg>
<msg timestamp="20240206 21:41:33.874" level="INFO">cmap pruned</msg>
<msg timestamp="20240206 21:41:33.875" level="INFO">post pruned</msg>
<msg timestamp="20240206 21:41:33.875" level="INFO">GDEF dropped</msg>
<msg timestamp="20240206 21:41:33.875" level="INFO">GPOS dropped</msg>
<msg timestamp="20240206 21:41:33.875" level="INFO">GSUB dropped</msg>
<msg timestamp="20240206 21:41:33.880" level="INFO">glyf pruned</msg>
<msg timestamp="20240206 21:41:33.883" level="INFO">Added gid0 to subset</msg>
<msg timestamp="20240206 21:41:33.883" level="INFO">Added first four glyphs to subset</msg>
<msg timestamp="20240206 21:41:33.883" level="INFO">Closing glyph list over 'glyf': 18 glyphs before</msg>
<msg timestamp="20240206 21:41:33.883" level="INFO">Glyph names: ['.notdef', '.null', 'uni0020', 'uni0030', 'uni0031', 'uni0032', 'uni0033', 'uni0034', 'uni0035', 'uni0036', 'uni0037', 'uni0038', 'uni0039', 'uni0062', 'uni006E', 'uni007B', 'uni007D', 'uni00A0']</msg>
<msg timestamp="20240206 21:41:33.883" level="INFO">Glyph IDs:   [0, 1, 2, 3, 544, 727, 1256, 1257, 1258, 1260, 1261, 1262, 1264, 1265, 1266, 1267, 1307, 1308]</msg>
<msg timestamp="20240206 21:41:33.884" level="INFO">Closed glyph list over 'glyf': 18 glyphs after</msg>
<msg timestamp="20240206 21:41:33.884" level="INFO">Glyph names: ['.notdef', '.null', 'uni0020', 'uni0030', 'uni0031', 'uni0032', 'uni0033', 'uni0034', 'uni0035', 'uni0036', 'uni0037', 'uni0038', 'uni0039', 'uni0062', 'uni006E', 'uni007B', 'uni007D', 'uni00A0']</msg>
<msg timestamp="20240206 21:41:33.884" level="INFO">Glyph IDs:   [0, 1, 2, 3, 544, 727, 1256, 1257, 1258, 1260, 1261, 1262, 1264, 1265, 1266, 1267, 1307, 1308]</msg>
<msg timestamp="20240206 21:41:33.884" level="INFO">Retaining 18 glyphs</msg>
<msg timestamp="20240206 21:41:33.884" level="INFO">head subsetting not needed</msg>
<msg timestamp="20240206 21:41:33.885" level="INFO">hhea subsetting not needed</msg>
<msg timestamp="20240206 21:41:33.885" level="INFO">maxp subsetting not needed</msg>
<msg timestamp="20240206 21:41:33.885" level="INFO">OS/2 subsetting not needed</msg>
<msg timestamp="20240206 21:41:33.885" level="INFO">hmtx subsetted</msg>
<msg timestamp="20240206 21:41:33.885" level="INFO">cmap subsetted</msg>
<msg timestamp="20240206 21:41:33.886" level="INFO">loca subsetting not needed</msg>
<msg timestamp="20240206 21:41:33.886" level="INFO">post subsetted</msg>
<msg timestamp="20240206 21:41:33.886" level="INFO">name subsetting not needed</msg>
<msg timestamp="20240206 21:41:33.886" level="INFO">glyf subsetted</msg>
<msg timestamp="20240206 21:41:33.886" level="INFO">head pruned</msg>
<msg timestamp="20240206 21:41:33.886" level="INFO">OS/2 Unicode ranges pruned: [0]</msg>
<msg timestamp="20240206 21:41:33.887" level="INFO">OS/2 CodePage ranges pruned: [0]</msg>
<msg timestamp="20240206 21:41:33.887" level="INFO">glyf pruned</msg>
<msg timestamp="20240206 21:41:33.887" level="INFO">name pruned</msg>
<msg timestamp="20240206 21:41:33.891" level="INFO">maxp pruned</msg>
<msg timestamp="20240206 21:41:33.891" level="INFO">cmap pruned</msg>
<msg timestamp="20240206 21:41:33.891" level="INFO">post pruned</msg>
<msg timestamp="20240206 21:41:33.891" level="INFO">GDEF dropped</msg>
<msg timestamp="20240206 21:41:33.891" level="INFO">GPOS dropped</msg>
<msg timestamp="20240206 21:41:33.891" level="INFO">GSUB dropped</msg>
<msg timestamp="20240206 21:41:33.894" level="INFO">glyf pruned</msg>
<msg timestamp="20240206 21:41:33.896" level="INFO">Added gid0 to subset</msg>
<msg timestamp="20240206 21:41:33.896" level="INFO">Added first four glyphs to subset</msg>
<msg timestamp="20240206 21:41:33.896" level="INFO">Closing glyph list over 'glyf': 18 glyphs before</msg>
<msg timestamp="20240206 21:41:33.896" level="INFO">Glyph names: ['.notdef', '.null', 'uni0020', 'uni0030', 'uni0031', 'uni0032', 'uni0033', 'uni0034', 'uni0035', 'uni0036', 'uni0037', 'uni0038', 'uni0039', 'uni0062', 'uni006E', 'uni007B', 'uni007D', 'uni00A0']</msg>
<msg timestamp="20240206 21:41:33.896" level="INFO">Glyph IDs:   [0, 1, 2, 3, 544, 727, 1256, 1257, 1258, 1260, 1261, 1262, 1264, 1265, 1266, 1267, 1307, 1308]</msg>
<msg timestamp="20240206 21:41:33.896" level="INFO">Closed glyph list over 'glyf': 18 glyphs after</msg>
<msg timestamp="20240206 21:41:33.896" level="INFO">Glyph names: ['.notdef', '.null', 'uni0020', 'uni0030', 'uni0031', 'uni0032', 'uni0033', 'uni0034', 'uni0035', 'uni0036', 'uni0037', 'uni0038', 'uni0039', 'uni0062', 'uni006E', 'uni007B', 'uni007D', 'uni00A0']</msg>
<msg timestamp="20240206 21:41:33.896" level="INFO">Glyph IDs:   [0, 1, 2, 3, 544, 727, 1256, 1257, 1258, 1260, 1261, 1262, 1264, 1265, 1266, 1267, 1307, 1308]</msg>
<msg timestamp="20240206 21:41:33.896" level="INFO">Retaining 18 glyphs</msg>
<msg timestamp="20240206 21:41:33.896" level="INFO">head subsetting not needed</msg>
<msg timestamp="20240206 21:41:33.896" level="INFO">hhea subsetting not needed</msg>
<msg timestamp="20240206 21:41:33.897" level="INFO">maxp subsetting not needed</msg>
<msg timestamp="20240206 21:41:33.897" level="INFO">OS/2 subsetting not needed</msg>
<msg timestamp="20240206 21:41:33.897" level="INFO">hmtx subsetted</msg>
<msg timestamp="20240206 21:41:33.897" level="INFO">cmap subsetted</msg>
<msg timestamp="20240206 21:41:33.897" level="INFO">loca subsetting not needed</msg>
<msg timestamp="20240206 21:41:33.897" level="INFO">post subsetted</msg>
<msg timestamp="20240206 21:41:33.897" level="INFO">name subsetting not needed</msg>
<msg timestamp="20240206 21:41:33.898" level="INFO">glyf subsetted</msg>
<msg timestamp="20240206 21:41:33.898" level="INFO">head pruned</msg>
<msg timestamp="20240206 21:41:33.898" level="INFO">OS/2 Unicode ranges pruned: [0]</msg>
<msg timestamp="20240206 21:41:33.898" level="INFO">OS/2 CodePage ranges pruned: [0]</msg>
<msg timestamp="20240206 21:41:33.899" level="INFO">glyf pruned</msg>
<msg timestamp="20240206 21:41:33.899" level="INFO">name pruned</msg>
<status status="PASS" starttime="20240206 21:41:33.814" endtime="20240206 21:41:33.904"/>
</kw>
<kw name="Log" library="BuiltIn">
<arg>${pdf}</arg>
<doc>Logs the given message with the given level.</doc>
<msg timestamp="20240206 21:41:33.904" level="INFO">C:\Users\VULTRON\Documents\Robocorp Portfolio\Automation Certfication Level II - Robot Framework\output\receipts\2.pdf</msg>
<status status="PASS" starttime="20240206 21:41:33.904" endtime="20240206 21:41:33.904"/>
</kw>
<kw name="Open Pdf" library="RPA.PDF">
<arg>${pdf}</arg>
<doc>Open a PDF document for reading.</doc>
<status status="PASS" starttime="20240206 21:41:33.904" endtime="20240206 21:41:33.909"/>
</kw>
<kw name="Create List" library="BuiltIn">
<var>${files}</var>
<arg>${pdf}</arg>
<arg>${screenshot}</arg>
<doc>Returns a list containing given items.</doc>
<msg timestamp="20240206 21:41:33.910" level="INFO">${files} = ['C:\\Users\\VULTRON\\Documents\\Robocorp Portfolio\\Automation Certfication Level II - Robot Framework\\output\\receipts\\2.pdf', 'C:\\Users\\VULTRON\\Documents\\Robocorp Portfolio\\Automation Certfi...</msg>
<status status="PASS" starttime="20240206 21:41:33.910" endtime="20240206 21:41:33.910"/>
</kw>
<kw name="Add Files To Pdf" library="RPA.PDF">
<arg>${files}</arg>
<arg>${pdf}</arg>
<doc>Add images and/or pdfs to new PDF document.</doc>
<msg timestamp="20240206 21:41:33.911" level="INFO">File C:\Users\VULTRON\Documents\Robocorp Portfolio\Automation Certfication Level II - Robot Framework\output\receipts\2.pdf type: None</msg>
<msg timestamp="20240206 21:41:33.916" level="INFO">File C:\Users\VULTRON\Documents\Robocorp Portfolio\Automation Certfication Level II - Robot Framework\output\receipts\2.png type: png</msg>
<msg timestamp="20240206 21:41:33.916" level="INFO">Image parameters: {}</msg>
<status status="PASS" starttime="20240206 21:41:33.910" endtime="20240206 21:41:33.931"/>
</kw>
<kw name="Close Pdf" library="RPA.PDF">
<arg>${pdf}</arg>
<doc>Close PDF file descriptor for a certain file.</doc>
<msg timestamp="20240206 21:41:33.931" level="INFO">Closing PDF document: C:\Users\VULTRON\Documents\Robocorp Portfolio\Automation Certfication Level II - Robot Framework\output\receipts\2.pdf</msg>
<status status="PASS" starttime="20240206 21:41:33.931" endtime="20240206 21:41:33.931"/>
</kw>
<kw name="Run Keyword" library="BuiltIn">
<arg>Remove File</arg>
<arg>${screenshot}</arg>
<doc>Executes the given keyword with the given arguments.</doc>
<kw name="Remove File" library="RPA.FileSystem">
<arg>${screenshot}</arg>
<doc>Removes the given file.</doc>
<msg timestamp="20240206 21:41:33.932" level="WARN">Keyword 'Remove File' found both from a custom library 'RPA.FileSystem' and a standard library 'OperatingSystem'. The custom keyword is used. To select explicitly, and to get rid of this warning, use either 'RPA.FileSystem.Remove File' or 'OperatingSystem.Remove File'.</msg>
<status status="PASS" starttime="20240206 21:41:33.932" endtime="20240206 21:41:33.933"/>
</kw>
<status status="PASS" starttime="20240206 21:41:33.932" endtime="20240206 21:41:33.933"/>
</kw>
<status status="PASS" starttime="20240206 21:41:33.756" endtime="20240206 21:41:33.933"/>
</kw>
<kw name="Click Button" library="RPA.Browser.Selenium">
<arg>Order another robot</arg>
<doc>Clicks the button identified by ``locator``.</doc>
<msg timestamp="20240206 21:41:33.933" level="INFO">Clicking button 'Order another robot'.</msg>
<status status="PASS" starttime="20240206 21:41:33.933" endtime="20240206 21:41:34.016"/>
</kw>
<kw name="Close the annoying modal">
<kw name="Click Button" library="RPA.Browser.Selenium">
<arg>OK</arg>
<doc>Clicks the button identified by ``locator``.</doc>
<msg timestamp="20240206 21:41:34.017" level="INFO">Clicking button 'OK'.</msg>
<status status="PASS" starttime="20240206 21:41:34.017" endtime="20240206 21:41:34.042"/>
</kw>
<status status="PASS" starttime="20240206 21:41:34.016" endtime="20240206 21:41:34.042"/>
</kw>
<status status="PASS" starttime="20240206 21:41:32.531" endtime="20240206 21:41:34.042"/>
</kw>
<status status="PASS" starttime="20240206 21:41:32.531" endtime="20240206 21:41:34.042"/>
</iter>
<iter>
<var name="${orders}">{'Order number': '3', 'Head': '6', 'Body': '2', 'Legs': '3', 'Address': 'Address 789'}</var>
<kw name="Fill the form">
<arg>${orders}</arg>
<kw name="Select From List By Value" library="RPA.Browser.Selenium">
<arg>id:head</arg>
<arg>${orders}[Head]</arg>
<doc>Selects options from selection list ``locator`` by ``values``.</doc>
<msg timestamp="20240206 21:41:34.043" level="INFO">Selecting options from selection list 'id:head' by value 6.</msg>
<status status="PASS" starttime="20240206 21:41:34.043" endtime="20240206 21:41:34.066"/>
</kw>
<kw name="Select Radio Button" library="RPA.Browser.Selenium">
<arg>body</arg>
<arg>${orders}[Body]</arg>
<doc>Sets the radio button group ``group_name`` to ``value``.</doc>
<msg timestamp="20240206 21:41:34.067" level="INFO">Selecting '2' from radio button 'body'.</msg>
<status status="PASS" starttime="20240206 21:41:34.066" endtime="20240206 21:41:34.085"/>
</kw>
<kw name="Input Text" library="RPA.Browser.Selenium">
<arg>//input[@placeholder='Enter the part number for the legs']</arg>
<arg>${orders}[Legs]</arg>
<doc>Types the given ``text`` into the text field identified by ``locator``.</doc>
<msg timestamp="20240206 21:41:34.085" level="INFO">Typing text '3' into text field '//input[@placeholder='Enter the part number for the legs']'.</msg>
<status status="PASS" starttime="20240206 21:41:34.085" endtime="20240206 21:41:34.113"/>
</kw>
<kw name="Input Text" library="RPA.Browser.Selenium">
<arg>id:address</arg>
<arg>${orders}[Address]</arg>
<doc>Types the given ``text`` into the text field identified by ``locator``.</doc>
<msg timestamp="20240206 21:41:34.113" level="INFO">Typing text 'Address 789' into text field 'id:address'.</msg>
<status status="PASS" starttime="20240206 21:41:34.113" endtime="20240206 21:41:34.143"/>
</kw>
<kw name="Click Element When Clickable" library="RPA.Browser.Selenium">
<arg>//*[@id="order"]</arg>
<arg>timeout=10s</arg>
<doc>Waits for and clicks an element until is fully ready to be clicked.</doc>
<status status="PASS" starttime="20240206 21:41:34.143" endtime="20240206 21:41:34.180"/>
</kw>
<kw name="Handle error alert">
<kw name="Get Element Count" library="RPA.Browser.Selenium">
<var>${error_locator}</var>
<arg>//div[@class='alert alert-danger']</arg>
<doc>Returns the number of elements matching ``locator``.</doc>
<msg timestamp="20240206 21:41:34.184" level="INFO">${error_locator} = 0</msg>
<status status="PASS" starttime="20240206 21:41:34.180" endtime="20240206 21:41:34.184"/>
</kw>
<while condition="${error_locator} &gt; 0">
<iter>
<kw name="Click Element When Clickable" library="RPA.Browser.Selenium">
<arg>//*[@id="order"]</arg>
<arg>timeout=10s</arg>
<doc>Waits for and clicks an element until is fully ready to be clicked.</doc>
<status status="NOT RUN" starttime="20240206 21:41:34.185" endtime="20240206 21:41:34.185"/>
</kw>
<kw name="Get Element Count" library="RPA.Browser.Selenium">
<var>${error_locator}</var>
<arg>//div[@class='alert alert-danger']</arg>
<doc>Returns the number of elements matching ``locator``.</doc>
<status status="NOT RUN" starttime="20240206 21:41:34.185" endtime="20240206 21:41:34.185"/>
</kw>
<status status="NOT RUN" starttime="20240206 21:41:34.184" endtime="20240206 21:41:34.185"/>
</iter>
<status status="NOT RUN" starttime="20240206 21:41:34.184" endtime="20240206 21:41:34.185"/>
</while>
<status status="PASS" starttime="20240206 21:41:34.180" endtime="20240206 21:41:34.185"/>
</kw>
<kw name="Embed the robot screenshot to the receipt PDF file">
<arg>${OUTPUT_DIR}${/}receipts${/}${orders}[Order number].png</arg>
<arg>${OUTPUT_DIR}${/}receipts${/}${orders}[Order number].pdf</arg>
<kw name="Wait Until Element Is Visible" library="RPA.Browser.Selenium">
<arg>id:receipt</arg>
<doc>Waits until the element ``locator`` is visible.</doc>
<status status="PASS" starttime="20240206 21:41:34.186" endtime="20240206 21:41:34.192"/>
</kw>
<kw name="Capture Element Screenshot" library="RPA.Browser.Selenium">
<arg>id:receipt</arg>
<arg>${screenshot}</arg>
<doc>Captures a screenshot from the element identified by ``locator`` and embeds it into log file.</doc>
<msg timestamp="20240206 21:41:34.222" level="INFO" html="true">&lt;/td&gt;&lt;/tr&gt;&lt;tr&gt;&lt;td colspan="3"&gt;&lt;a href="receipts/3.png"&gt;&lt;img src="receipts/3.png" width="400px"&gt;&lt;/a&gt;</msg>
<status status="PASS" starttime="20240206 21:41:34.193" endtime="20240206 21:41:34.223"/>
</kw>
<kw name="Get Element Attribute" library="RPA.Browser.Selenium">
<var>${order_receipt_html}</var>
<arg>id:receipt</arg>
<arg>outerHTML</arg>
<doc>Returns the value of ``attribute`` from the element ``locator``.</doc>
<msg timestamp="20240206 21:41:34.230" level="INFO">${order_receipt_html} = &lt;div id="receipt" class="alert alert-success" role="alert"&gt;&lt;h3&gt;Receipt&lt;/h3&gt;&lt;div&gt;2024-02-07T02:41:34.175Z&lt;/div&gt;&lt;p class="badge badge-success"&gt;RSB-ROBO-ORDER-MYTH6SHD8&lt;/p&gt;&lt;p&gt;Address 789&lt;/p&gt;&lt;div id="part...</msg>
<status status="PASS" starttime="20240206 21:41:34.223" endtime="20240206 21:41:34.230"/>
</kw>
<kw name="Html To Pdf" library="RPA.PDF">
<arg>${order_receipt_html}</arg>
<arg>${pdf}</arg>
<doc>Generate a PDF file from HTML content.</doc>
<msg timestamp="20240206 21:41:34.231" level="INFO">Writing output to file C:\Users\VULTRON\Documents\Robocorp Portfolio\Automation Certfication Level II - Robot Framework\output\receipts\3.pdf</msg>
<msg timestamp="20240206 21:41:34.264" level="INFO">maxp pruned</msg>
<msg timestamp="20240206 21:41:34.264" level="INFO">cmap pruned</msg>
<msg timestamp="20240206 21:41:34.264" level="INFO">post pruned</msg>
<msg timestamp="20240206 21:41:34.264" level="INFO">GDEF dropped</msg>
<msg timestamp="20240206 21:41:34.264" level="INFO">GPOS dropped</msg>
<msg timestamp="20240206 21:41:34.264" level="INFO">GSUB dropped</msg>
<msg timestamp="20240206 21:41:34.266" level="INFO">glyf pruned</msg>
<msg timestamp="20240206 21:41:34.266" level="INFO">Added gid0 to subset</msg>
<msg timestamp="20240206 21:41:34.266" level="INFO">Added first four glyphs to subset</msg>
<msg timestamp="20240206 21:41:34.266" level="INFO">Closing glyph list over 'glyf': 56 glyphs before</msg>
<msg timestamp="20240206 21:41:34.266" level="INFO">Glyph names: ['.notdef', '.null', 'uni0020', 'uni0021', 'uni002D', 'uni002E', 'uni0030', 'uni0031', 'uni0032', 'uni0033', 'uni0034', 'uni0035', 'uni0036', 'uni0037', 'uni0038', 'uni0039', 'uni003A', 'uni0041', 'uni0042', 'uni0044', 'uni0045', 'uni0048', 'uni004C', 'uni004D', 'uni004F', 'uni0052', 'uni0053', 'uni0054', 'uni0057', 'uni0059', 'uni005A', 'uni0061', 'uni0062', 'uni0063', 'uni0064', 'uni0065', 'uni0066', 'uni0067', 'uni0068', 'uni0069', 'uni006B', 'uni006C', 'uni006D', 'uni006E', 'uni006F', 'uni0070', 'uni0072', 'uni0073', 'uni0074', 'uni0075', 'uni0076', 'uni0077', 'uni0079', 'uni007B', 'uni007D', 'uni00C4']</msg>
<msg timestamp="20240206 21:41:34.266" level="INFO">Glyph IDs:   [0, 1, 2, 3, 65, 84, 95, 161, 280, 291, 320, 382, 395, 409, 456, 469, 493, 504, 575, 582, 594, 612, 645, 650, 660, 679, 715, 723, 752, 759, 775, 827, 837, 867, 884, 899, 932, 936, 950, 1294, 1295, 1296, 1298, 1299, 1300, 1302, 1303, 1304, 1305, 1329, 1345, 1346, 1361, 1404, 1407, 1681]</msg>
<msg timestamp="20240206 21:41:34.267" level="INFO">Closed glyph list over 'glyf': 56 glyphs after</msg>
<msg timestamp="20240206 21:41:34.267" level="INFO">Glyph names: ['.notdef', '.null', 'uni0020', 'uni0021', 'uni002D', 'uni002E', 'uni0030', 'uni0031', 'uni0032', 'uni0033', 'uni0034', 'uni0035', 'uni0036', 'uni0037', 'uni0038', 'uni0039', 'uni003A', 'uni0041', 'uni0042', 'uni0044', 'uni0045', 'uni0048', 'uni004C', 'uni004D', 'uni004F', 'uni0052', 'uni0053', 'uni0054', 'uni0057', 'uni0059', 'uni005A', 'uni0061', 'uni0062', 'uni0063', 'uni0064', 'uni0065', 'uni0066', 'uni0067', 'uni0068', 'uni0069', 'uni006B', 'uni006C', 'uni006D', 'uni006E', 'uni006F', 'uni0070', 'uni0072', 'uni0073', 'uni0074', 'uni0075', 'uni0076', 'uni0077', 'uni0079', 'uni007B', 'uni007D', 'uni00C4']</msg>
<msg timestamp="20240206 21:41:34.267" level="INFO">Glyph IDs:   [0, 1, 2, 3, 65, 84, 95, 161, 280, 291, 320, 382, 395, 409, 456, 469, 493, 504, 575, 582, 594, 612, 645, 650, 660, 679, 715, 723, 752, 759, 775, 827, 837, 867, 884, 899, 932, 936, 950, 1294, 1295, 1296, 1298, 1299, 1300, 1302, 1303, 1304, 1305, 1329, 1345, 1346, 1361, 1404, 1407, 1681]</msg>
<msg timestamp="20240206 21:41:34.267" level="INFO">Retaining 56 glyphs</msg>
<msg timestamp="20240206 21:41:34.267" level="INFO">head subsetting not needed</msg>
<msg timestamp="20240206 21:41:34.267" level="INFO">hhea subsetting not needed</msg>
<msg timestamp="20240206 21:41:34.267" level="INFO">maxp subsetting not needed</msg>
<msg timestamp="20240206 21:41:34.267" level="INFO">OS/2 subsetting not needed</msg>
<msg timestamp="20240206 21:41:34.267" level="INFO">hmtx subsetted</msg>
<msg timestamp="20240206 21:41:34.268" level="INFO">cmap subsetted</msg>
<msg timestamp="20240206 21:41:34.268" level="INFO">prep subsetting not needed</msg>
<msg timestamp="20240206 21:41:34.268" level="INFO">loca subsetting not needed</msg>
<msg timestamp="20240206 21:41:34.268" level="INFO">post subsetted</msg>
<msg timestamp="20240206 21:41:34.268" level="INFO">gasp subsetting not needed</msg>
<msg timestamp="20240206 21:41:34.268" level="INFO">STAT subsetting not needed</msg>
<msg timestamp="20240206 21:41:34.268" level="INFO">name subsetting not needed</msg>
<msg timestamp="20240206 21:41:34.269" level="INFO">glyf subsetted</msg>
<msg timestamp="20240206 21:41:34.269" level="INFO">head pruned</msg>
<msg timestamp="20240206 21:41:34.269" level="INFO">OS/2 Unicode ranges pruned: [0]</msg>
<msg timestamp="20240206 21:41:34.269" level="INFO">OS/2 CodePage ranges pruned: [0]</msg>
<msg timestamp="20240206 21:41:34.270" level="INFO">glyf pruned</msg>
<msg timestamp="20240206 21:41:34.270" level="INFO">name pruned</msg>
<msg timestamp="20240206 21:41:34.278" level="INFO">maxp pruned</msg>
<msg timestamp="20240206 21:41:34.278" level="INFO">cmap pruned</msg>
<msg timestamp="20240206 21:41:34.278" level="INFO">post pruned</msg>
<msg timestamp="20240206 21:41:34.278" level="INFO">GDEF dropped</msg>
<msg timestamp="20240206 21:41:34.278" level="INFO">GPOS dropped</msg>
<msg timestamp="20240206 21:41:34.278" level="INFO">GSUB dropped</msg>
<msg timestamp="20240206 21:41:34.281" level="INFO">glyf pruned</msg>
<msg timestamp="20240206 21:41:34.281" level="INFO">Added gid0 to subset</msg>
<msg timestamp="20240206 21:41:34.281" level="INFO">Added first four glyphs to subset</msg>
<msg timestamp="20240206 21:41:34.281" level="INFO">Closing glyph list over 'glyf': 19 glyphs before</msg>
<msg timestamp="20240206 21:41:34.281" level="INFO">Glyph names: ['.notdef', '.null', 'uni0020', 'uni0030', 'uni0031', 'uni0032', 'uni0033', 'uni0034', 'uni0035', 'uni0036', 'uni0037', 'uni0038', 'uni0039', 'uni0041', 'uni0062', 'uni006E', 'uni007B', 'uni007D', 'uni00C4']</msg>
<msg timestamp="20240206 21:41:34.281" level="INFO">Glyph IDs:   [0, 1, 2, 3, 575, 759, 1294, 1295, 1296, 1298, 1299, 1300, 1302, 1303, 1304, 1305, 1345, 1346, 1681]</msg>
<msg timestamp="20240206 21:41:34.281" level="INFO">Closed glyph list over 'glyf': 19 glyphs after</msg>
<msg timestamp="20240206 21:41:34.281" level="INFO">Glyph names: ['.notdef', '.null', 'uni0020', 'uni0030', 'uni0031', 'uni0032', 'uni0033', 'uni0034', 'uni0035', 'uni0036', 'uni0037', 'uni0038', 'uni0039', 'uni0041', 'uni0062', 'uni006E', 'uni007B', 'uni007D', 'uni00C4']</msg>
<msg timestamp="20240206 21:41:34.282" level="INFO">Glyph IDs:   [0, 1, 2, 3, 575, 759, 1294, 1295, 1296, 1298, 1299, 1300, 1302, 1303, 1304, 1305, 1345, 1346, 1681]</msg>
<msg timestamp="20240206 21:41:34.282" level="INFO">Retaining 19 glyphs</msg>
<msg timestamp="20240206 21:41:34.282" level="INFO">head subsetting not needed</msg>
<msg timestamp="20240206 21:41:34.282" level="INFO">hhea subsetting not needed</msg>
<msg timestamp="20240206 21:41:34.282" level="INFO">maxp subsetting not needed</msg>
<msg timestamp="20240206 21:41:34.282" level="INFO">OS/2 subsetting not needed</msg>
<msg timestamp="20240206 21:41:34.282" level="INFO">hmtx subsetted</msg>
<msg timestamp="20240206 21:41:34.283" level="INFO">cmap subsetted</msg>
<msg timestamp="20240206 21:41:34.283" level="INFO">prep subsetting not needed</msg>
<msg timestamp="20240206 21:41:34.283" level="INFO">loca subsetting not needed</msg>
<msg timestamp="20240206 21:41:34.283" level="INFO">post subsetted</msg>
<msg timestamp="20240206 21:41:34.283" level="INFO">gasp subsetting not needed</msg>
<msg timestamp="20240206 21:41:34.283" level="INFO">STAT subsetting not needed</msg>
<msg timestamp="20240206 21:41:34.283" level="INFO">name subsetting not needed</msg>
<msg timestamp="20240206 21:41:34.284" level="INFO">glyf subsetted</msg>
<msg timestamp="20240206 21:41:34.284" level="INFO">head pruned</msg>
<msg timestamp="20240206 21:41:34.284" level="INFO">OS/2 Unicode ranges pruned: [0]</msg>
<msg timestamp="20240206 21:41:34.284" level="INFO">OS/2 CodePage ranges pruned: [0]</msg>
<msg timestamp="20240206 21:41:34.284" level="INFO">glyf pruned</msg>
<msg timestamp="20240206 21:41:34.285" level="INFO">name pruned</msg>
<msg timestamp="20240206 21:41:34.289" level="INFO">maxp pruned</msg>
<msg timestamp="20240206 21:41:34.289" level="INFO">cmap pruned</msg>
<msg timestamp="20240206 21:41:34.289" level="INFO">post pruned</msg>
<msg timestamp="20240206 21:41:34.289" level="INFO">GDEF dropped</msg>
<msg timestamp="20240206 21:41:34.289" level="INFO">GPOS dropped</msg>
<msg timestamp="20240206 21:41:34.289" level="INFO">GSUB dropped</msg>
<msg timestamp="20240206 21:41:34.291" level="INFO">glyf pruned</msg>
<msg timestamp="20240206 21:41:34.293" level="INFO">Added gid0 to subset</msg>
<msg timestamp="20240206 21:41:34.293" level="INFO">Added first four glyphs to subset</msg>
<msg timestamp="20240206 21:41:34.293" level="INFO">Closing glyph list over 'glyf': 18 glyphs before</msg>
<msg timestamp="20240206 21:41:34.293" level="INFO">Glyph names: ['.notdef', '.null', 'uni0020', 'uni0030', 'uni0031', 'uni0032', 'uni0033', 'uni0034', 'uni0035', 'uni0036', 'uni0037', 'uni0038', 'uni0039', 'uni0062', 'uni006E', 'uni007B', 'uni007D', 'uni00A0']</msg>
<msg timestamp="20240206 21:41:34.293" level="INFO">Glyph IDs:   [0, 1, 2, 3, 544, 727, 1256, 1257, 1258, 1260, 1261, 1262, 1264, 1265, 1266, 1267, 1307, 1308]</msg>
<msg timestamp="20240206 21:41:34.293" level="INFO">Closed glyph list over 'glyf': 18 glyphs after</msg>
<msg timestamp="20240206 21:41:34.293" level="INFO">Glyph names: ['.notdef', '.null', 'uni0020', 'uni0030', 'uni0031', 'uni0032', 'uni0033', 'uni0034', 'uni0035', 'uni0036', 'uni0037', 'uni0038', 'uni0039', 'uni0062', 'uni006E', 'uni007B', 'uni007D', 'uni00A0']</msg>
<msg timestamp="20240206 21:41:34.293" level="INFO">Glyph IDs:   [0, 1, 2, 3, 544, 727, 1256, 1257, 1258, 1260, 1261, 1262, 1264, 1265, 1266, 1267, 1307, 1308]</msg>
<msg timestamp="20240206 21:41:34.293" level="INFO">Retaining 18 glyphs</msg>
<msg timestamp="20240206 21:41:34.293" level="INFO">head subsetting not needed</msg>
<msg timestamp="20240206 21:41:34.293" level="INFO">hhea subsetting not needed</msg>
<msg timestamp="20240206 21:41:34.293" level="INFO">maxp subsetting not needed</msg>
<msg timestamp="20240206 21:41:34.293" level="INFO">OS/2 subsetting not needed</msg>
<msg timestamp="20240206 21:41:34.294" level="INFO">hmtx subsetted</msg>
<msg timestamp="20240206 21:41:34.294" level="INFO">cmap subsetted</msg>
<msg timestamp="20240206 21:41:34.294" level="INFO">loca subsetting not needed</msg>
<msg timestamp="20240206 21:41:34.294" level="INFO">post subsetted</msg>
<msg timestamp="20240206 21:41:34.294" level="INFO">name subsetting not needed</msg>
<msg timestamp="20240206 21:41:34.295" level="INFO">glyf subsetted</msg>
<msg timestamp="20240206 21:41:34.295" level="INFO">head pruned</msg>
<msg timestamp="20240206 21:41:34.295" level="INFO">OS/2 Unicode ranges pruned: [0]</msg>
<msg timestamp="20240206 21:41:34.295" level="INFO">OS/2 CodePage ranges pruned: [0]</msg>
<msg timestamp="20240206 21:41:34.295" level="INFO">glyf pruned</msg>
<msg timestamp="20240206 21:41:34.296" level="INFO">name pruned</msg>
<msg timestamp="20240206 21:41:34.299" level="INFO">maxp pruned</msg>
<msg timestamp="20240206 21:41:34.299" level="INFO">cmap pruned</msg>
<msg timestamp="20240206 21:41:34.299" level="INFO">post pruned</msg>
<msg timestamp="20240206 21:41:34.299" level="INFO">GDEF dropped</msg>
<msg timestamp="20240206 21:41:34.299" level="INFO">GPOS dropped</msg>
<msg timestamp="20240206 21:41:34.299" level="INFO">GSUB dropped</msg>
<msg timestamp="20240206 21:41:34.301" level="INFO">glyf pruned</msg>
<msg timestamp="20240206 21:41:34.302" level="INFO">Added gid0 to subset</msg>
<msg timestamp="20240206 21:41:34.303" level="INFO">Added first four glyphs to subset</msg>
<msg timestamp="20240206 21:41:34.303" level="INFO">Closing glyph list over 'glyf': 18 glyphs before</msg>
<msg timestamp="20240206 21:41:34.303" level="INFO">Glyph names: ['.notdef', '.null', 'uni0020', 'uni0030', 'uni0031', 'uni0032', 'uni0033', 'uni0034', 'uni0035', 'uni0036', 'uni0037', 'uni0038', 'uni0039', 'uni0062', 'uni006E', 'uni007B', 'uni007D', 'uni00A0']</msg>
<msg timestamp="20240206 21:41:34.303" level="INFO">Glyph IDs:   [0, 1, 2, 3, 544, 727, 1256, 1257, 1258, 1260, 1261, 1262, 1264, 1265, 1266, 1267, 1307, 1308]</msg>
<msg timestamp="20240206 21:41:34.303" level="INFO">Closed glyph list over 'glyf': 18 glyphs after</msg>
<msg timestamp="20240206 21:41:34.303" level="INFO">Glyph names: ['.notdef', '.null', 'uni0020', 'uni0030', 'uni0031', 'uni0032', 'uni0033', 'uni0034', 'uni0035', 'uni0036', 'uni0037', 'uni0038', 'uni0039', 'uni0062', 'uni006E', 'uni007B', 'uni007D', 'uni00A0']</msg>
<msg timestamp="20240206 21:41:34.303" level="INFO">Glyph IDs:   [0, 1, 2, 3, 544, 727, 1256, 1257, 1258, 1260, 1261, 1262, 1264, 1265, 1266, 1267, 1307, 1308]</msg>
<msg timestamp="20240206 21:41:34.303" level="INFO">Retaining 18 glyphs</msg>
<msg timestamp="20240206 21:41:34.303" level="INFO">head subsetting not needed</msg>
<msg timestamp="20240206 21:41:34.303" level="INFO">hhea subsetting not needed</msg>
<msg timestamp="20240206 21:41:34.303" level="INFO">maxp subsetting not needed</msg>
<msg timestamp="20240206 21:41:34.303" level="INFO">OS/2 subsetting not needed</msg>
<msg timestamp="20240206 21:41:34.304" level="INFO">hmtx subsetted</msg>
<msg timestamp="20240206 21:41:34.304" level="INFO">cmap subsetted</msg>
<msg timestamp="20240206 21:41:34.304" level="INFO">loca subsetting not needed</msg>
<msg timestamp="20240206 21:41:34.304" level="INFO">post subsetted</msg>
<msg timestamp="20240206 21:41:34.304" level="INFO">name subsetting not needed</msg>
<msg timestamp="20240206 21:41:34.305" level="INFO">glyf subsetted</msg>
<msg timestamp="20240206 21:41:34.305" level="INFO">head pruned</msg>
<msg timestamp="20240206 21:41:34.305" level="INFO">OS/2 Unicode ranges pruned: [0]</msg>
<msg timestamp="20240206 21:41:34.305" level="INFO">OS/2 CodePage ranges pruned: [0]</msg>
<msg timestamp="20240206 21:41:34.305" level="INFO">glyf pruned</msg>
<msg timestamp="20240206 21:41:34.305" level="INFO">name pruned</msg>
<status status="PASS" starttime="20240206 21:41:34.231" endtime="20240206 21:41:34.310"/>
</kw>
<kw name="Log" library="BuiltIn">
<arg>${pdf}</arg>
<doc>Logs the given message with the given level.</doc>
<msg timestamp="20240206 21:41:34.311" level="INFO">C:\Users\VULTRON\Documents\Robocorp Portfolio\Automation Certfication Level II - Robot Framework\output\receipts\3.pdf</msg>
<status status="PASS" starttime="20240206 21:41:34.310" endtime="20240206 21:41:34.311"/>
</kw>
<kw name="Open Pdf" library="RPA.PDF">
<arg>${pdf}</arg>
<doc>Open a PDF document for reading.</doc>
<status status="PASS" starttime="20240206 21:41:34.311" endtime="20240206 21:41:34.318"/>
</kw>
<kw name="Create List" library="BuiltIn">
<var>${files}</var>
<arg>${pdf}</arg>
<arg>${screenshot}</arg>
<doc>Returns a list containing given items.</doc>
<msg timestamp="20240206 21:41:34.319" level="INFO">${files} = ['C:\\Users\\VULTRON\\Documents\\Robocorp Portfolio\\Automation Certfication Level II - Robot Framework\\output\\receipts\\3.pdf', 'C:\\Users\\VULTRON\\Documents\\Robocorp Portfolio\\Automation Certfi...</msg>
<status status="PASS" starttime="20240206 21:41:34.318" endtime="20240206 21:41:34.319"/>
</kw>
<kw name="Add Files To Pdf" library="RPA.PDF">
<arg>${files}</arg>
<arg>${pdf}</arg>
<doc>Add images and/or pdfs to new PDF document.</doc>
<msg timestamp="20240206 21:41:34.321" level="INFO">File C:\Users\VULTRON\Documents\Robocorp Portfolio\Automation Certfication Level II - Robot Framework\output\receipts\3.pdf type: None</msg>
<msg timestamp="20240206 21:41:34.330" level="INFO">File C:\Users\VULTRON\Documents\Robocorp Portfolio\Automation Certfication Level II - Robot Framework\output\receipts\3.png type: png</msg>
<msg timestamp="20240206 21:41:34.331" level="INFO">Image parameters: {}</msg>
<status status="PASS" starttime="20240206 21:41:34.319" endtime="20240206 21:41:34.346"/>
</kw>
<kw name="Close Pdf" library="RPA.PDF">
<arg>${pdf}</arg>
<doc>Close PDF file descriptor for a certain file.</doc>
<msg timestamp="20240206 21:41:34.347" level="INFO">Closing PDF document: C:\Users\VULTRON\Documents\Robocorp Portfolio\Automation Certfication Level II - Robot Framework\output\receipts\3.pdf</msg>
<status status="PASS" starttime="20240206 21:41:34.347" endtime="20240206 21:41:34.347"/>
</kw>
<kw name="Run Keyword" library="BuiltIn">
<arg>Remove File</arg>
<arg>${screenshot}</arg>
<doc>Executes the given keyword with the given arguments.</doc>
<kw name="Remove File" library="RPA.FileSystem">
<arg>${screenshot}</arg>
<doc>Removes the given file.</doc>
<msg timestamp="20240206 21:41:34.347" level="WARN">Keyword 'Remove File' found both from a custom library 'RPA.FileSystem' and a standard library 'OperatingSystem'. The custom keyword is used. To select explicitly, and to get rid of this warning, use either 'RPA.FileSystem.Remove File' or 'OperatingSystem.Remove File'.</msg>
<status status="PASS" starttime="20240206 21:41:34.348" endtime="20240206 21:41:34.349"/>
</kw>
<status status="PASS" starttime="20240206 21:41:34.347" endtime="20240206 21:41:34.349"/>
</kw>
<status status="PASS" starttime="20240206 21:41:34.185" endtime="20240206 21:41:34.349"/>
</kw>
<kw name="Click Button" library="RPA.Browser.Selenium">
<arg>Order another robot</arg>
<doc>Clicks the button identified by ``locator``.</doc>
<msg timestamp="20240206 21:41:34.349" level="INFO">Clicking button 'Order another robot'.</msg>
<status status="PASS" starttime="20240206 21:41:34.349" endtime="20240206 21:41:34.432"/>
</kw>
<kw name="Close the annoying modal">
<kw name="Click Button" library="RPA.Browser.Selenium">
<arg>OK</arg>
<doc>Clicks the button identified by ``locator``.</doc>
<msg timestamp="20240206 21:41:34.433" level="INFO">Clicking button 'OK'.</msg>
<status status="PASS" starttime="20240206 21:41:34.432" endtime="20240206 21:41:34.460"/>
</kw>
<status status="PASS" starttime="20240206 21:41:34.432" endtime="20240206 21:41:34.460"/>
</kw>
<status status="PASS" starttime="20240206 21:41:34.043" endtime="20240206 21:41:34.460"/>
</kw>
<status status="PASS" starttime="20240206 21:41:34.043" endtime="20240206 21:41:34.460"/>
</iter>
<iter>
<var name="${orders}">{'Order number': '4', 'Head': '2', 'Body': '3', 'Legs': '2', 'Address': 'Address 1'}</var>
<kw name="Fill the form">
<arg>${orders}</arg>
<kw name="Select From List By Value" library="RPA.Browser.Selenium">
<arg>id:head</arg>
<arg>${orders}[Head]</arg>
<doc>Selects options from selection list ``locator`` by ``values``.</doc>
<msg timestamp="20240206 21:41:34.461" level="INFO">Selecting options from selection list 'id:head' by value 2.</msg>
<status status="PASS" starttime="20240206 21:41:34.461" endtime="20240206 21:41:34.484"/>
</kw>
<kw name="Select Radio Button" library="RPA.Browser.Selenium">
<arg>body</arg>
<arg>${orders}[Body]</arg>
<doc>Sets the radio button group ``group_name`` to ``value``.</doc>
<msg timestamp="20240206 21:41:34.485" level="INFO">Selecting '3' from radio button 'body'.</msg>
<status status="PASS" starttime="20240206 21:41:34.484" endtime="20240206 21:41:34.508"/>
</kw>
<kw name="Input Text" library="RPA.Browser.Selenium">
<arg>//input[@placeholder='Enter the part number for the legs']</arg>
<arg>${orders}[Legs]</arg>
<doc>Types the given ``text`` into the text field identified by ``locator``.</doc>
<msg timestamp="20240206 21:41:34.509" level="INFO">Typing text '2' into text field '//input[@placeholder='Enter the part number for the legs']'.</msg>
<status status="PASS" starttime="20240206 21:41:34.508" endtime="20240206 21:41:34.535"/>
</kw>
<kw name="Input Text" library="RPA.Browser.Selenium">
<arg>id:address</arg>
<arg>${orders}[Address]</arg>
<doc>Types the given ``text`` into the text field identified by ``locator``.</doc>
<msg timestamp="20240206 21:41:34.535" level="INFO">Typing text 'Address 1' into text field 'id:address'.</msg>
<status status="PASS" starttime="20240206 21:41:34.535" endtime="20240206 21:41:34.569"/>
</kw>
<kw name="Click Element When Clickable" library="RPA.Browser.Selenium">
<arg>//*[@id="order"]</arg>
<arg>timeout=10s</arg>
<doc>Waits for and clicks an element until is fully ready to be clicked.</doc>
<status status="PASS" starttime="20240206 21:41:34.569" endtime="20240206 21:41:34.595"/>
</kw>
<kw name="Handle error alert">
<kw name="Get Element Count" library="RPA.Browser.Selenium">
<var>${error_locator}</var>
<arg>//div[@class='alert alert-danger']</arg>
<doc>Returns the number of elements matching ``locator``.</doc>
<msg timestamp="20240206 21:41:34.600" level="INFO">${error_locator} = 1</msg>
<status status="PASS" starttime="20240206 21:41:34.595" endtime="20240206 21:41:34.600"/>
</kw>
<while condition="${error_locator} &gt; 0">
<iter>
<kw name="Click Element When Clickable" library="RPA.Browser.Selenium">
<arg>//*[@id="order"]</arg>
<arg>timeout=10s</arg>
<doc>Waits for and clicks an element until is fully ready to be clicked.</doc>
<msg timestamp="20240206 21:41:35.666" level="WARN">Couldn't click element '//*[@id="order"]' with Selenium due to: Message: element click intercepted: Element is not clickable at point (264, 1021)
  (Session info: chrome=121.0.6167.140)
Stacktrace:
	GetHandleVerifier [0x005F1673+52979]
	(No symbol) [0x00577961]
	(No symbol) [0x0045DD3D]
	(No symbol) [0x0049B79B]
	(No symbol) [0x00499EB7]
	(No symbol) [0x00497F1B]
	(No symbol) [0x004970BD]
	(No symbol) [0x0048E010]
	(No symbol) [0x004B44EC]
	(No symbol) [0x0048DA4E]
	(No symbol) [0x004B4784]
	(No symbol) [0x004CB3FE]
	(No symbol) [0x004B4286]
	(No symbol) [0x0048C063]
	(No symbol) [0x0048CECD]
	GetHandleVerifier [0x00908D83+3294723]
	GetHandleVerifier [0x00946CC2+3548482]
	GetHandleVerifier [0x00941C9C+3527964]
	GetHandleVerifier [0x0068870E+671630]
[...]
<status status="PASS" starttime="20240206 21:41:49.187" endtime="20240206 21:41:49.188"/>
</kw>
<status status="PASS" starttime="20240206 21:41:49.187" endtime="20240206 21:41:49.189"/>
</kw>
<status status="PASS" starttime="20240206 21:41:49.010" endtime="20240206 21:41:49.189"/>
</kw>
<kw name="Click Button" library="RPA.Browser.Selenium">
<arg>Order another robot</arg>
<doc>Clicks the button identified by ``locator``.</doc>
<msg timestamp="20240206 21:41:49.189" level="INFO">Clicking button 'Order another robot'.</msg>
<status status="PASS" starttime="20240206 21:41:49.189" endtime="20240206 21:41:49.271"/>
</kw>
<kw name="Close the annoying modal">
<kw name="Click Button" library="RPA.Browser.Selenium">
<arg>OK</arg>
<doc>Clicks the button identified by ``locator``.</doc>
<msg timestamp="20240206 21:41:49.272" level="INFO">Clicking button 'OK'.</msg>
<status status="PASS" starttime="20240206 21:41:49.272" endtime="20240206 21:41:49.302"/>
</kw>
<status status="PASS" starttime="20240206 21:41:49.272" endtime="20240206 21:41:49.302"/>
</kw>
<status status="PASS" starttime="20240206 21:41:48.884" endtime="20240206 21:41:49.302"/>
</kw>
<status status="PASS" starttime="20240206 21:41:48.884" endtime="20240206 21:41:49.302"/>
</iter>
<status status="PASS" starttime="20240206 21:41:32.005" endtime="20240206 21:41:49.302"/>
</for>
<status status="PASS" starttime="20240206 21:41:29.780" endtime="20240206 21:41:49.302"/>
</kw>
<kw name="Create Zip from PDFs">
<kw name="Set Variable" library="BuiltIn">
<var>${zip_file_name}</var>
<arg>${OUTPUT_DIR}/Receipt_PDFs.zip</arg>
<doc>Returns the given values which can then be assigned to a variables.</doc>
<msg timestamp="20240206 21:41:49.304" level="INFO">${zip_file_name} = C:\Users\VULTRON\Documents\Robocorp Portfolio\Automation Certfication Level II - Robot Framework\output/Receipt_PDFs.zip</msg>
<status status="PASS" starttime="20240206 21:41:49.303" endtime="20240206 21:41:49.304"/>
</kw>
<kw name="Archive Folder With Zip" library="RPA.Archive">
<arg>${OUTPUT_DIR}${/}receipts</arg>
<arg>${zip_file_name}</arg>
<doc>Create a zip archive of a folder</doc>
<status status="PASS" starttime="20240206 21:41:49.304" endtime="20240206 21:41:49.380"/>
</kw>
<status status="PASS" starttime="20240206 21:41:49.303" endtime="20240206 21:41:49.381"/>
</kw>
<kw name="Cleanup temporary PDF directory">
<kw name="Remove Directory" library="RPA.FileSystem">
<arg>${OUTPUT_DIR}${/}receipts</arg>
<arg>True</arg>
<doc>Removes the given directory, and optionally everything it contains.</doc>
<msg timestamp="20240206 21:41:49.382" level="WARN">Keyword 'Remove Directory' found both from a custom library 'RPA.FileSystem' and a standard library 'OperatingSystem'. The custom keyword is used. To select explicitly, and to get rid of this warning, use either 'RPA.FileSystem.Remove Directory' or 'OperatingSystem.Remove Directory'.</msg>
<status status="PASS" starttime="20240206 21:41:49.382" endtime="20240206 21:41:49.384"/>
</kw>
<status status="PASS" starttime="20240206 21:41:49.381" endtime="20240206 21:41:49.384"/>
</kw>
<status status="PASS" starttime="20240206 21:41:29.780" endtime="20240206 21:41:49.385"/>
</test>
<doc>Orders robots from RobotSpareBin Industries Inc.
Saves the order HTML receipt as a PDF file.
Saves the screenshot of the ordered robot.
Embeds the screenshot of the robot to the PDF receipt.
Creates ZIP archive of the receipts and the images.</doc>
<status status="PASS" starttime="20240206 21:41:27.899" endtime="20240206 21:41:49.385"/>
</suite>
<statistics>
<total>
<stat pass="1" fail="0" skip="0">All Tasks</stat>
</total>
<tag>
</tag>
<suite>
<stat pass="1" fail="0" skip="0" id="s1" name="Tasks">Tasks</stat>
</suite>
</statistics>
<errors>
<msg timestamp="20240206 21:41:32.382" level="WARN">Keyword 'Remove File' found both from a custom library 'RPA.FileSystem' and a standard library 'OperatingSystem'. The custom keyword is used. To select explicitly, and to get rid of this warning, use either 'RPA.FileSystem.Remove File' or 'OperatingSystem.Remove File'.</msg>
<msg timestamp="20240206 21:41:33.739" level="WARN">Couldn't click element '//*[@id="order"]' with Selenium due to: Message: element click intercepted: Element is not clickable at point (264, 1021)
  (Session info: chrome=121.0.6167.140)
Stacktrace:
	GetHandleVerifier [0x005F1673+52979]
	(No symbol) [0x00577961]
	(No symbol) [0x0045DD3D]
	(No symbol) [0x0049B79B]
	(No symbol) [0x00499EB7]
	(No symbol) [0x00497F1B]
	(No symbol) [0x004970BD]
	(No symbol) [0x0048E010]
	(No symbol) [0x004B44EC]
	(No symbol) [0x0048DA4E]
	(No symbol) [0x004B4784]
	(No symbol) [0x004CB3FE]
	(No symbol) [0x004B4286]
	(No symbol) [0x0048C063]
	(No symbol) [0x0048CECD]
	GetHandleVerifier [0x00908D83+3294723]
	GetHandleVerifier [0x00946CC2+3548482]
	GetHandleVerifier [0x00941C9C+3527964]
	GetHandleVerifier [0x0068870E+671630]
	(No symbol) [0x00581EB4]
	(No symbol) [0x0057D808]
	(No symbol) [0x0057D92D]
	(No symbol) [0x0056F7E0]
	BaseThreadInitThunk [0x76ABFCC9+25]
	RtlGetAppContainerNamedObjectPath [0x77047C6E+286]
	RtlGetAppContainerNamedObjectPath [0x77047C3E+238]
 (trying with JavaScript)</msg>
<msg timestamp="20240206 21:41:33.932" level="WARN">Keyword 'Remove File' found both from a custom library 'RPA.FileSystem' and a standard library 'OperatingSystem'. The custom keyword is used. To select explicitly, and to get rid of this warning, use either 'RPA.FileSystem.Remove File' or 'OperatingSystem.Remove File'.</msg>
<msg timestamp="20240206 21:41:34.347" level="WARN">Keyword 'Remove File' found both from a custom library 'RPA.FileSystem' and a standard library 'OperatingSystem'. The custom keyword is used. To select explicitly, and to get rid of this warning, use either 'RPA.FileSystem.Remove File' or 'OperatingSystem.Remove File'.</msg>
<msg timestamp="20240206 21:41:35.666" level="WARN">Couldn't click element '//*[@id="order"]' with Selenium due to: Message: element click intercepted: Element is not clickable at point (264, 1021)
  (Session info: chrome=121.0.6167.140)
Stacktrace:
	GetHandleVerifier [0x005F1673+52979]
	(No symbol) [0x00577961]
	(No symbol) [0x0045DD3D]
	(No symbol) [0x0049B79B]
	(No symbol) [0x00499EB7]
	(No symbol) [0x00497F1B]
	(No symbol) [0x004970BD]
	(No symbol) [0x0048E010]
	(No symbol) [0x004B44EC]
	(No symbol) [0x0048DA4E]
	(No symbol) [0x004B4784]
	(No symbol) [0x004CB3FE]
	(No symbol) [0x004B4286]
	(No symbol) [0x0048C063]
	(No symbol) [0x0048CECD]
	GetHandleVerifier [0x00908D83+3294723]
	GetHandleVerifier [0x00946CC2+3548482]
	GetHandleVerifier [0x00941C9C+3527964]
	GetHandleVerifier [0x0068870E+671630]
	(No symbol) [0x00581EB4]
	(No symbol) [0x0057D808]
	(No symbol) [0x0057D92D]
	(No symbol) [0x0056F7E0]
	BaseThreadInitThunk [0x76ABFCC9+25]
	RtlGetAppContainerNamedObjectPath [0x77047C6E+286]
	RtlGetAppContainerNamedObjectPath [0x77047C3E+238]
 (trying with JavaScript)</msg>
<msg timestamp="20240206 21:41:35.898" level="WARN">Keyword 'Remove File' found both from a custom library 'RPA.FileSystem' and a standard library 'OperatingSystem'. The custom keyword is used. To select explicitly, and to get rid of this warning, use either 'RPA.FileSystem.Remove File' or 'OperatingSystem.Remove File'.</msg>
<msg timestamp="20240206 21:41:37.220" level="WARN">Couldn't click element '//*[@id="order"]' with Selenium due to: Message: element click intercepted: Element is not clickable at point (264, 970)
  (Session info: chrome=121.0.6167.140)
Stacktrace:
	GetHandleVerifier [0x005F1673+52979]
	(No symbol) [0x00577961]
	(No symbol) [0x0045DD3D]
	(No symbol) [0x0049B79B]
	(No symbol) [0x00499EB7]
	(No symbol) [0x00497F1B]
	(No symbol) [0x004970BD]
	(No symbol) [0x0048E010]
	(No symbol) [0x004B44EC]
	(No symbol) [0x0048DA4E]
	(No symbol) [0x004B4784]
	(No symbol) [0x004CB3FE]
	(No symbol) [0x004B4286]
	(No symbol) [0x0048C063]
	(No symbol) [0x0048CECD]
	GetHandleVerifier [0x00908D83+3294723]
	GetHandleVerifier [0x00946CC2+3548482]
	GetHandleVerifier [0x00941C9C+3527964]
	GetHandleVerifier [0x0068870E+671630]
	(No symbol) [0x00581EB4]
	(No symbol) [0x0057D808]
	(No symbol) [0x0057D92D]
	(No symbol) [0x0056F7E0]
	BaseThreadInitThunk [0x76ABFCC9+25]
	RtlGetAppContainerNamedObjectPath [0x77047C6E+286]
	RtlGetAppContainerNamedObjectPath [0x77047C3E+238]
 (trying with JavaScript)</msg>
<msg timestamp="20240206 21:41:37.427" level="WARN">Keyword 'Remove File' found both from a custom library 'RPA.FileSystem' and a standard library 'OperatingSystem'. The custom keyword is used. To select explicitly, and to get rid of this warning, use either 'RPA.FileSystem.Remove File' or 'OperatingSystem.Remove File'.</msg>
<msg timestamp="20240206 21:41:38.732" level="WARN">Couldn't click element '//*[@id="order"]' with Selenium due to: Message: element click intercepted: Element is not clickable at point (264, 969)
  (Session info: chrome=121.0.6167.140)
Stacktrace:
	GetHandleVerifier [0x005F1673+52979]
	(No symbol) [0x00577961]
	(No symbol) [0x0045DD3D]
	(No symbol) [0x0049B79B]
	(No symbol) [0x00499EB7]
	(No symbol) [0x00497F1B]
	(No symbol) [0x004970BD]
	(No symbol) [0x0048E010]
	(No symbol) [0x004B44EC]
	(No symbol) [0x0048DA4E]
	(No symbol) [0x004B4784]
	(No symbol) [0x004CB3FE]
	(No symbol) [0x004B4286]
	(No symbol) [0x0048C063]
	(No symbol) [0x0048CECD]
	GetHandleVerifier [0x00908D83+3294723]
	GetHandleVerifier [0x00946CC2+3548482]
	GetHandleVerifier [0x00941C9C+3527964]
	GetHandleVerifier [0x0068870E+671630]
	(No symbol) [0x00581EB4]
	(No symbol) [0x0057D808]
	(No symbol) [0x0057D92D]
	(No symbol) [0x0056F7E0]
	BaseThreadInitThunk [0x76ABFCC9+25]
	RtlGetAppContainerNamedObjectPath [0x77047C6E+286]
	RtlGetAppContainerNamedObjectPath [0x77047C3E+238]
 (trying with JavaScript)</msg>
<msg timestamp="20240206 21:41:38.972" level="WARN">Keyword 'Remove File' found both from a custom library 'RPA.FileSystem' and a standard library 'OperatingSystem'. The custom keyword is used. To select explicitly, and to get rid of this warning, use either 'RPA.FileSystem.Remove File' or 'OperatingSystem.Remove File'.</msg>
<msg timestamp="20240206 21:41:40.289" level="WARN">Couldn't click element '//*[@id="order"]' with Selenium due to: Message: element click intercepted: Element is not clickable at point (264, 1001)
  (Session info: chrome=121.0.6167.140)
Stacktrace:
	GetHandleVerifier [0x005F1673+52979]
	(No symbol) [0x00577961]
	(No symbol) [0x0045DD3D]
	(No symbol) [0x0049B79B]
	(No symbol) [0x00499EB7]
	(No symbol) [0x00497F1B]
	(No symbol) [0x004970BD]
	(No symbol) [0x0048E010]
	(No symbol) [0x004B44EC]
	(No symbol) [0x0048DA4E]
	(No symbol) [0x004B4784]
	(No symbol) [0x004CB3FE]
	(No symbol) [0x004B4286]
	(No symbol) [0x0048C063]
	(No symbol) [0x0048CECD]
	GetHandleVerifier [0x00908D83+3294723]
	GetHandleVerifier [0x00946CC2+3548482]
	GetHandleVerifier [0x00941C9C+3527964]
	GetHandleVerifier [0x0068870E+671630]
	(No symbol) [0x00581EB4]
	(No symbol) [0x0057D808]
	(No symbol) [0x0057D92D]
	(No symbol) [0x0056F7E0]
	BaseThreadInitThunk [0x76ABFCC9+25]
	RtlGetAppContainerNamedObjectPath [0x77047C6E+286]
	RtlGetAppContainerNamedObjectPath [0x77047C3E+238]
 (trying with JavaScript)</msg>
<msg timestamp="20240206 21:41:40.474" level="WARN">Keyword 'Remove File' found both from a custom library 'RPA.FileSystem' and a standard library 'OperatingSystem'. The custom keyword is used. To select explicitly, and to get rid of this warning, use either 'RPA.FileSystem.Remove File' or 'OperatingSystem.Remove File'.</msg>
<msg timestamp="20240206 21:41:40.898" level="WARN">Keyword 'Remove File' found both from a custom library 'RPA.FileSystem' and a standard library 'OperatingSystem'. The custom keyword is used. To select explicitly, and to get rid of this warning, use either 'RPA.FileSystem.Remove File' or 'OperatingSystem.Remove File'.</msg>
<msg timestamp="20240206 21:41:42.200" level="WARN">Couldn't click element '//*[@id="order"]' with Selenium due to: Message: element click intercepted: Element is not clickable at point (264, 1001)
  (Session info: chrome=121.0.6167.140)
Stacktrace:
	GetHandleVerifier [0x005F1673+52979]
	(No symbol) [0x00577961]
	(No symbol) [0x0045DD3D]
	(No symbol) [0x0049B79B]
	(No symbol) [0x00499EB7]
	(No symbol) [0x00497F1B]
	(No symbol) [0x004970BD]
	(No symbol) [0x0048E010]
	(No symbol) [0x004B44EC]
	(No symbol) [0x0048DA4E]
	(No symbol) [0x004B4784]
	(No symbol) [0x004CB3FE]
	(No symbol) [0x004B4286]
	(No symbol) [0x0048C063]
	(No symbol) [0x0048CECD]
	GetHandleVerifier [0x00908D83+3294723]
	GetHandleVerifier [0x00946CC2+3548482]
	GetHandleVerifier [0x00941C9C+3527964]
	GetHandleVerifier [0x0068870E+671630]
	(No symbol) [0x00581EB4]
	(No symbol) [0x0057D808]
	(No symbol) [0x0057D92D]
	(No symbol) [0x0056F7E0]
	BaseThreadInitThunk [0x76ABFCC9+25]
	RtlGetAppContainerNamedObjectPath [0x77047C6E+286]
	RtlGetAppContainerNamedObjectPath [0x77047C3E+238]
 (trying with JavaScript)</msg>
<msg timestamp="20240206 21:41:42.387" level="WARN">Keyword 'Remove File' found both from a custom library 'RPA.FileSystem' and a standard library 'OperatingSystem'. The custom keyword is used. To select explicitly, and to get rid of this warning, use either 'RPA.FileSystem.Remove File' or 'OperatingSystem.Remove File'.</msg>
<msg timestamp="20240206 21:41:42.801" level="WARN">Keyword 'Remove File' found both from a custom library 'RPA.FileSystem' and a standard library 'OperatingSystem'. The custom keyword is used. To select explicitly, and to get rid of this warning, use either 'RPA.FileSystem.Remove File' or 'OperatingSystem.Remove File'.</msg>
<msg timestamp="20240206 21:41:43.226" level="WARN">Keyword 'Remove File' found both from a custom library 'RPA.FileSystem' and a standard library 'OperatingSystem'. The custom keyword is used. To select explicitly, and to get rid of this warning, use either 'RPA.FileSystem.Remove File' or 'OperatingSystem.Remove File'.</msg>
<msg timestamp="20240206 21:41:43.634" level="WARN">Keyword 'Remove File' found both from a custom library 'RPA.FileSystem' and a standard library 'OperatingSystem'. The custom keyword is used. To select explicitly, and to get rid of this warning, use either 'RPA.FileSystem.Remove File' or 'OperatingSystem.Remove File'.</msg>
<msg timestamp="20240206 21:41:44.084" level="WARN">Keyword 'Remove File' found both from a custom library 'RPA.FileSystem' and a standard library 'OperatingSystem'. The custom keyword is used. To select explicitly, and to get rid of this warning, use either 'RPA.FileSystem.Remove File' or 'OperatingSystem.Remove File'.</msg>
<msg timestamp="20240206 21:41:44.514" level="WARN">Keyword 'Remove File' found both from a custom library 'RPA.FileSystem' and a standard library 'OperatingSystem'. The custom keyword is used. To select explicitly, and to get rid of this warning, use either 'RPA.FileSystem.Remove File' or 'OperatingSystem.Remove File'.</msg>
<msg timestamp="20240206 21:41:44.946" level="WARN">Keyword 'Remove File' found both from a custom library 'RPA.FileSystem' and a standard library 'OperatingSystem'. The custom keyword is used. To select explicitly, and to get rid of this warning, use either 'RPA.FileSystem.Remove File' or 'OperatingSystem.Remove File'.</msg>
<msg timestamp="20240206 21:41:46.248" level="WARN">Couldn't click element '//*[@id="order"]' with Selenium due to: Message: element click intercepted: Element is not clickable at point (264, 1021)
  (Session info: chrome=121.0.6167.140)
Stacktrace:
	GetHandleVerifier [0x005F1673+52979]
	(No symbol) [0x00577961]
	(No symbol) [0x0045DD3D]
	(No symbol) [0x0049B79B]
	(No symbol) [0x00499EB7]
	(No symbol) [0x00497F1B]
	(No symbol) [0x004970BD]
	(No symbol) [0x0048E010]
	(No symbol) [0x004B44EC]
	(No symbol) [0x0048DA4E]
	(No symbol) [0x004B4784]
	(No symbol) [0x004CB3FE]
	(No symbol) [0x004B4286]
	(No symbol) [0x0048C063]
	(No symbol) [0x0048CECD]
	GetHandleVerifier [0x00908D83+3294723]
	GetHandleVerifier [0x00946CC2+3548482]
	GetHandleVerifier [0x00941C9C+3527964]
	GetHandleVerifier [0x0068870E+671630]
	(No symbol) [0x00581EB4]
	(No symbol) [0x0057D808]
	(No symbol) [0x0057D92D]
	(No symbol) [0x0056F7E0]
	BaseThreadInitThunk [0x76ABFCC9+25]
	RtlGetAppContainerNamedObjectPath [0x77047C6E+286]
	RtlGetAppContainerNamedObjectPath [0x77047C3E+238]
 (trying with JavaScript)</msg>
<msg timestamp="20240206 21:41:46.438" level="WARN">Keyword 'Remove File' found both from a custom library 'RPA.FileSystem' and a standard library 'OperatingSystem'. The custom keyword is used. To select explicitly, and to get rid of this warning, use either 'RPA.FileSystem.Remove File' or 'OperatingSystem.Remove File'.</msg>
<msg timestamp="20240206 21:41:46.855" level="WARN">Keyword 'Remove File' found both from a custom library 'RPA.FileSystem' and a standard library 'OperatingSystem'. The custom keyword is used. To select explicitly, and to get rid of this warning, use either 'RPA.FileSystem.Remove File' or 'OperatingSystem.Remove File'.</msg>
<msg timestamp="20240206 21:41:47.282" level="WARN">Keyword 'Remove File' found both from a custom library 'RPA.FileSystem' and a standard library 'OperatingSystem'. The custom keyword is used. To select explicitly, and to get rid of this warning, use either 'RPA.FileSystem.Remove File' or 'OperatingSystem.Remove File'.</msg>
<msg timestamp="20240206 21:41:48.593" level="WARN">Couldn't click element '//*[@id="order"]' with Selenium due to: Message: element click intercepted: Element is not clickable at point (264, 1021)
  (Session info: chrome=121.0.6167.140)
Stacktrace:
	GetHandleVerifier [0x005F1673+52979]
	(No symbol) [0x00577961]
	(No symbol) [0x0045DD3D]
	(No symbol) [0x0049B79B]
	(No symbol) [0x00499EB7]
	(No symbol) [0x00497F1B]
	(No symbol) [0x004970BD]
	(No symbol) [0x0048E010]
	(No symbol) [0x004B44EC]
	(No symbol) [0x0048DA4E]
	(No symbol) [0x004B4784]
	(No symbol) [0x004CB3FE]
	(No symbol) [0x004B4286]
	(No symbol) [0x0048C063]
	(No symbol) [0x0048CECD]
	GetHandleVerifier [0x00908D83+3294723]
	GetHandleVerifier [0x00946CC2+3548482]
	GetHandleVerifier [0x00941C9C+3527964]
	GetHandleVerifier [0x0068870E+671630]
	(No symbol) [0x00581EB4]
	(No symbol) [0x0057D808]
	(No symbol) [0x0057D92D]
	(No symbol) [0x0056F7E0]
	BaseThreadInitThunk [0x76ABFCC9+25]
	RtlGetAppContainerNamedObjectPath [0x77047C6E+286]
	RtlGetAppContainerNamedObjectPath [0x77047C3E+238]
 (trying with JavaScript)</msg>
<msg timestamp="20240206 21:41:48.777" level="WARN">Keyword 'Remove File' found both from a custom library 'RPA.FileSystem' and a standard library 'OperatingSystem'. The custom keyword is used. To select explicitly, and to get rid of this warning, use either 'RPA.FileSystem.Remove File' or 'OperatingSystem.Remove File'.</msg>
<msg timestamp="20240206 21:41:49.187" level="WARN">Keyword 'Remove File' found both from a custom library 'RPA.FileSystem' and a standard library 'OperatingSystem'. The custom keyword is used. To select explicitly, and to get rid of this warning, use either 'RPA.FileSystem.Remove File' or 'OperatingSystem.Remove File'.</msg>
<msg timestamp="20240206 21:41:49.382" level="WARN">Keyword 'Remove Directory' found both from a custom library 'RPA.FileSystem' and a standard library 'OperatingSystem'. The custom keyword is used. To select explicitly, and to get rid of this warning, use either 'RPA.FileSystem.Remove Directory' or 'OperatingSystem.Remove Directory'.</msg>
</errors>
</robot>
